<?xml version="1.0" encoding="UTF-8"?>
<testsuite name="DOLCreateEvent.qa.Runner.CreateEventRunnerTest" time="0.017" tests="90" errors="18" skipped="63" failures="0">
  <properties>
[...]
</properties>
  <testcase name="Given Event Manager opens browser." classname="| Testing for Sumit Puri1 | Testing for Sumit Puri1 | 12544 Grey Lane | Baltimore | 20844 | 230-000-2233 | sp@yahoo.com | www.google.com | Testing for Sumit Puri |" time="0.001"/>
  <testcase name="Then Event Manager is on initial page of Test Environment and Logs In to the application and Navigates to the Outreach Module." classname="| Testing for Sumit Puri1 | Testing for Sumit Puri1 | 12544 Grey Lane | Baltimore | 20844 | 230-000-2233 | sp@yahoo.com | www.google.com | Testing for Sumit Puri |" time="0.003">
    <error message="C:\Users\z-Puri-Sumit\Documents\DOLTestCases\TESTPROJECT\src\main\java\DOL\qa\pages\Screenshots for Login\screenshotLogin1Error01-03-2021 17_36_15.jpg (The system cannot find the path specified)" type="java.io.FileNotFoundException"><![CDATA[java.io.FileNotFoundException: C:\Users\z-Puri-Sumit\Documents\DOLTestCases\TESTPROJECT\src\main\java\DOL\qa\pages\Screenshots for Login\screenshotLogin1Error01-03-2021 17_36_15.jpg (The system cannot find the path specified)
	at java.io.FileOutputStream.open0(Native Method)
	at java.io.FileOutputStream.open(FileOutputStream.java:270)
	at java.io.FileOutputStream.<init>(FileOutputStream.java:213)
	at java.io.FileOutputStream.<init>(FileOutputStream.java:162)
	at org.openqa.selenium.io.FileHandler.copyFile(FileHandler.java:138)
	at org.openqa.selenium.io.FileHandler.copy(FileHandler.java:117)
	at DOLCreateEvent.qa.stepdefinitions.CreateEventStepsDuplicate.event_Manager_is_on_initial_page_of_Test_Environment_and_Logs_In_to_the_application_and_Navigates_to_the_Outreach_Module(CreateEventStepsDuplicate.java:110)
	at ✽.Then Event Manager is on initial page of Test Environment and Logs In to the application and Navigates to the Outreach Module.(D:/2021/DOLCMSTesting-master/src/main/java/DOLCreateEvents/qa/features/DOLCreateEvent.qa.features:6)
]]></error>
    <system-out><![CDATA[01-03-2021 17_36_15
]]></system-out>
  </testcase>
  <testcase name="| Testing for Sumit Puri1 | Testing for Sumit Puri1 | 12544 Grey Lane | Baltimore | 20844 | 230-000-2233 | sp@yahoo.com | www.google.com | Testing for Sumit Puri |" classname="| Testing for Sumit Puri1 | Testing for Sumit Puri1 | 12544 Grey Lane | Baltimore | 20844 | 230-000-2233 | sp@yahoo.com | www.google.com | Testing for Sumit Puri |" time="0.003">
    <error message="C:\Users\z-Puri-Sumit\Documents\DOLTestCases\TESTPROJECT\src\main\java\DOL\qa\pages\Screenshots for Login\screenshotLogin1Error01-03-2021 17_36_15.jpg (The system cannot find the path specified)" type="java.io.FileNotFoundException"><![CDATA[java.io.FileNotFoundException: C:\Users\z-Puri-Sumit\Documents\DOLTestCases\TESTPROJECT\src\main\java\DOL\qa\pages\Screenshots for Login\screenshotLogin1Error01-03-2021 17_36_15.jpg (The system cannot find the path specified)
	at java.io.FileOutputStream.open0(Native Method)
	at java.io.FileOutputStream.open(FileOutputStream.java:270)
	at java.io.FileOutputStream.<init>(FileOutputStream.java:213)
	at java.io.FileOutputStream.<init>(FileOutputStream.java:162)
	at org.openqa.selenium.io.FileHandler.copyFile(FileHandler.java:138)
	at org.openqa.selenium.io.FileHandler.copy(FileHandler.java:117)
	at DOLCreateEvent.qa.stepdefinitions.CreateEventStepsDuplicate.event_Manager_is_on_initial_page_of_Test_Environment_and_Logs_In_to_the_application_and_Navigates_to_the_Outreach_Module(CreateEventStepsDuplicate.java:110)
	at ✽.Then Event Manager is on initial page of Test Environment and Logs In to the application and Navigates to the Outreach Module.(D:/2021/DOLCMSTesting-master/src/main/java/DOLCreateEvents/qa/features/DOLCreateEvent.qa.features:6)
]]></error>
  </testcase>
  <testcase name="Then Event Manager clicks the Create New Event button." classname="| Testing for Sumit Puri1 | Testing for Sumit Puri1 | 12544 Grey Lane | Baltimore | 20844 | 230-000-2233 | sp@yahoo.com | www.google.com | Testing for Sumit Puri |" time="0">
    <skipped/>
  </testcase>
  <testcase name="Then Event Manager enters in Events Details Info by entering the Testing for Sumit Puri1 field and clicks the Save button." classname="| Testing for Sumit Puri1 | Testing for Sumit Puri1 | 12544 Grey Lane | Baltimore | 20844 | 230-000-2233 | sp@yahoo.com | www.google.com | Testing for Sumit Puri |" time="0">
    <skipped/>
  </testcase>
  <testcase name="Then Event Manager fills out the Location Name Field Testing for Sumit Puri1,Address Line Field 12544 Grey Lane of Type Details Section first part" classname="| Testing for Sumit Puri1 | Testing for Sumit Puri1 | 12544 Grey Lane | Baltimore | 20844 | 230-000-2233 | sp@yahoo.com | www.google.com | Testing for Sumit Puri |" time="0">
    <skipped/>
  </testcase>
  <testcase name="Then Event Manager fills out the Baltimorecity field,20844zip field of Type Details Section second part" classname="| Testing for Sumit Puri1 | Testing for Sumit Puri1 | 12544 Grey Lane | Baltimore | 20844 | 230-000-2233 | sp@yahoo.com | www.google.com | Testing for Sumit Puri |" time="0">
    <skipped/>
  </testcase>
  <testcase name="Then Event Manager fills out the 230-000-2233Primary Phone field, sp@yahoo.comEmail Field of the Type Details Section third part" classname="| Testing for Sumit Puri1 | Testing for Sumit Puri1 | 12544 Grey Lane | Baltimore | 20844 | 230-000-2233 | sp@yahoo.com | www.google.com | Testing for Sumit Puri |" time="0">
    <skipped/>
  </testcase>
  <testcase name="Then Event Manager fills out the www.google.comWebsite Field,Testing for Sumit PuriSpecial Instructions field of the Type Details Section fourth part" classname="| Testing for Sumit Puri1 | Testing for Sumit Puri1 | 12544 Grey Lane | Baltimore | 20844 | 230-000-2233 | sp@yahoo.com | www.google.com | Testing for Sumit Puri |" time="0">
    <skipped/>
  </testcase>
  <testcase name="Then Event Manager Exits" classname="| Testing for Sumit Puri1 | Testing for Sumit Puri1 | 12544 Grey Lane | Baltimore | 20844 | 230-000-2233 | sp@yahoo.com | www.google.com | Testing for Sumit Puri |" time="0">
    <skipped/>
  </testcase>
  <testcase name="Given Event Manager opens browser." classname="| Testing for Sumit Puri1 | Testing for Sumit Puri2 | 12545 Grey Lane | Rockville | 20844 | 230-000-2234 | sp@yahoo.com | www.yahoo.com | Testing for Sumit Puri |" time="0"/>
  <testcase name="Then Event Manager is on initial page of Test Environment and Logs In to the application and Navigates to the Outreach Module." classname="| Testing for Sumit Puri1 | Testing for Sumit Puri2 | 12545 Grey Lane | Rockville | 20844 | 230-000-2234 | sp@yahoo.com | www.yahoo.com | Testing for Sumit Puri |" time="0">
    <error message="C:\Users\z-Puri-Sumit\Documents\DOLTestCases\TESTPROJECT\src\main\java\DOL\qa\pages\Screenshots for Login\screenshotLogin1Error01-03-2021 17_36_29.jpg (The system cannot find the path specified)" type="java.io.FileNotFoundException"><![CDATA[java.io.FileNotFoundException: C:\Users\z-Puri-Sumit\Documents\DOLTestCases\TESTPROJECT\src\main\java\DOL\qa\pages\Screenshots for Login\screenshotLogin1Error01-03-2021 17_36_29.jpg (The system cannot find the path specified)
	at java.io.FileOutputStream.open0(Native Method)
	at java.io.FileOutputStream.open(FileOutputStream.java:270)
	at java.io.FileOutputStream.<init>(FileOutputStream.java:213)
	at java.io.FileOutputStream.<init>(FileOutputStream.java:162)
	at org.openqa.selenium.io.FileHandler.copyFile(FileHandler.java:138)
	at org.openqa.selenium.io.FileHandler.copy(FileHandler.java:117)
	at DOLCreateEvent.qa.stepdefinitions.CreateEventStepsDuplicate.event_Manager_is_on_initial_page_of_Test_Environment_and_Logs_In_to_the_application_and_Navigates_to_the_Outreach_Module(CreateEventStepsDuplicate.java:110)
	at ✽.Then Event Manager is on initial page of Test Environment and Logs In to the application and Navigates to the Outreach Module.(D:/2021/DOLCMSTesting-master/src/main/java/DOLCreateEvents/qa/features/DOLCreateEvent.qa.features:6)
]]></error>
    <system-out><![CDATA[01-03-2021 17_36_29
]]></system-out>
  </testcase>
  <testcase name="| Testing for Sumit Puri1 | Testing for Sumit Puri2 | 12545 Grey Lane | Rockville | 20844 | 230-000-2234 | sp@yahoo.com | www.yahoo.com | Testing for Sumit Puri |" classname="| Testing for Sumit Puri1 | Testing for Sumit Puri2 | 12545 Grey Lane | Rockville | 20844 | 230-000-2234 | sp@yahoo.com | www.yahoo.com | Testing for Sumit Puri |" time="0.001">
    <error message="C:\Users\z-Puri-Sumit\Documents\DOLTestCases\TESTPROJECT\src\main\java\DOL\qa\pages\Screenshots for Login\screenshotLogin1Error01-03-2021 17_36_29.jpg (The system cannot find the path specified)" type="java.io.FileNotFoundException"><![CDATA[java.io.FileNotFoundException: C:\Users\z-Puri-Sumit\Documents\DOLTestCases\TESTPROJECT\src\main\java\DOL\qa\pages\Screenshots for Login\screenshotLogin1Error01-03-2021 17_36_29.jpg (The system cannot find the path specified)
	at java.io.FileOutputStream.open0(Native Method)
	at java.io.FileOutputStream.open(FileOutputStream.java:270)
	at java.io.FileOutputStream.<init>(FileOutputStream.java:213)
	at java.io.FileOutputStream.<init>(FileOutputStream.java:162)
	at org.openqa.selenium.io.FileHandler.copyFile(FileHandler.java:138)
	at org.openqa.selenium.io.FileHandler.copy(FileHandler.java:117)
	at DOLCreateEvent.qa.stepdefinitions.CreateEventStepsDuplicate.event_Manager_is_on_initial_page_of_Test_Environment_and_Logs_In_to_the_application_and_Navigates_to_the_Outreach_Module(CreateEventStepsDuplicate.java:110)
	at ✽.Then Event Manager is on initial page of Test Environment and Logs In to the application and Navigates to the Outreach Module.(D:/2021/DOLCMSTesting-master/src/main/java/DOLCreateEvents/qa/features/DOLCreateEvent.qa.features:6)
]]></error>
  </testcase>
  <testcase name="Then Event Manager clicks the Create New Event button." classname="| Testing for Sumit Puri1 | Testing for Sumit Puri2 | 12545 Grey Lane | Rockville | 20844 | 230-000-2234 | sp@yahoo.com | www.yahoo.com | Testing for Sumit Puri |" time="0">
    <skipped/>
  </testcase>
  <testcase name="Then Event Manager enters in Events Details Info by entering the Testing for Sumit Puri1 field and clicks the Save button." classname="| Testing for Sumit Puri1 | Testing for Sumit Puri2 | 12545 Grey Lane | Rockville | 20844 | 230-000-2234 | sp@yahoo.com | www.yahoo.com | Testing for Sumit Puri |" time="0">
    <skipped/>
  </testcase>
  <testcase name="Then Event Manager fills out the Location Name Field Testing for Sumit Puri2,Address Line Field 12545 Grey Lane of Type Details Section first part" classname="| Testing for Sumit Puri1 | Testing for Sumit Puri2 | 12545 Grey Lane | Rockville | 20844 | 230-000-2234 | sp@yahoo.com | www.yahoo.com | Testing for Sumit Puri |" time="0">
    <skipped/>
  </testcase>
  <testcase name="Then Event Manager fills out the Rockvillecity field,20844zip field of Type Details Section second part" classname="| Testing for Sumit Puri1 | Testing for Sumit Puri2 | 12545 Grey Lane | Rockville | 20844 | 230-000-2234 | sp@yahoo.com | www.yahoo.com | Testing for Sumit Puri |" time="0">
    <skipped/>
  </testcase>
  <testcase name="Then Event Manager fills out the 230-000-2234Primary Phone field, sp@yahoo.comEmail Field of the Type Details Section third part" classname="| Testing for Sumit Puri1 | Testing for Sumit Puri2 | 12545 Grey Lane | Rockville | 20844 | 230-000-2234 | sp@yahoo.com | www.yahoo.com | Testing for Sumit Puri |" time="0">
    <skipped/>
  </testcase>
  <testcase name="Then Event Manager fills out the www.yahoo.comWebsite Field,Testing for Sumit PuriSpecial Instructions field of the Type Details Section fourth part" classname="| Testing for Sumit Puri1 | Testing for Sumit Puri2 | 12545 Grey Lane | Rockville | 20844 | 230-000-2234 | sp@yahoo.com | www.yahoo.com | Testing for Sumit Puri |" time="0">
    <skipped/>
  </testcase>
  <testcase name="Then Event Manager Exits" classname="| Testing for Sumit Puri1 | Testing for Sumit Puri2 | 12545 Grey Lane | Rockville | 20844 | 230-000-2234 | sp@yahoo.com | www.yahoo.com | Testing for Sumit Puri |" time="0">
    <skipped/>
  </testcase>
  <testcase name="Given Event Manager opens browser." classname="| Testing for Sumit Puri1 | Testing for Sumit Puri3 | 12546 Grey Lane | Gaithersburg | 20844 | 230-000-2235 | sp@yahoo.com | www.hotmail.com | Testing for Sumit Puri |" time="0"/>
  <testcase name="Then Event Manager is on initial page of Test Environment and Logs In to the application and Navigates to the Outreach Module." classname="| Testing for Sumit Puri1 | Testing for Sumit Puri3 | 12546 Grey Lane | Gaithersburg | 20844 | 230-000-2235 | sp@yahoo.com | www.hotmail.com | Testing for Sumit Puri |" time="0">
    <error message="C:\Users\z-Puri-Sumit\Documents\DOLTestCases\TESTPROJECT\src\main\java\DOL\qa\pages\Screenshots for Login\screenshotLogin1Error01-03-2021 17_36_43.jpg (The system cannot find the path specified)" type="java.io.FileNotFoundException"><![CDATA[java.io.FileNotFoundException: C:\Users\z-Puri-Sumit\Documents\DOLTestCases\TESTPROJECT\src\main\java\DOL\qa\pages\Screenshots for Login\screenshotLogin1Error01-03-2021 17_36_43.jpg (The system cannot find the path specified)
	at java.io.FileOutputStream.open0(Native Method)
	at java.io.FileOutputStream.open(FileOutputStream.java:270)
	at java.io.FileOutputStream.<init>(FileOutputStream.java:213)
	at java.io.FileOutputStream.<init>(FileOutputStream.java:162)
	at org.openqa.selenium.io.FileHandler.copyFile(FileHandler.java:138)
	at org.openqa.selenium.io.FileHandler.copy(FileHandler.java:117)
	at DOLCreateEvent.qa.stepdefinitions.CreateEventStepsDuplicate.event_Manager_is_on_initial_page_of_Test_Environment_and_Logs_In_to_the_application_and_Navigates_to_the_Outreach_Module(CreateEventStepsDuplicate.java:110)
	at ✽.Then Event Manager is on initial page of Test Environment and Logs In to the application and Navigates to the Outreach Module.(D:/2021/DOLCMSTesting-master/src/main/java/DOLCreateEvents/qa/features/DOLCreateEvent.qa.features:6)
]]></error>
    <system-out><![CDATA[01-03-2021 17_36_43
]]></system-out>
  </testcase>
  <testcase name="| Testing for Sumit Puri1 | Testing for Sumit Puri3 | 12546 Grey Lane | Gaithersburg | 20844 | 230-000-2235 | sp@yahoo.com | www.hotmail.com | Testing for Sumit Puri |" classname="| Testing for Sumit Puri1 | Testing for Sumit Puri3 | 12546 Grey Lane | Gaithersburg | 20844 | 230-000-2235 | sp@yahoo.com | www.hotmail.com | Testing for Sumit Puri |" time="0">
    <error message="C:\Users\z-Puri-Sumit\Documents\DOLTestCases\TESTPROJECT\src\main\java\DOL\qa\pages\Screenshots for Login\screenshotLogin1Error01-03-2021 17_36_43.jpg (The system cannot find the path specified)" type="java.io.FileNotFoundException"><![CDATA[java.io.FileNotFoundException: C:\Users\z-Puri-Sumit\Documents\DOLTestCases\TESTPROJECT\src\main\java\DOL\qa\pages\Screenshots for Login\screenshotLogin1Error01-03-2021 17_36_43.jpg (The system cannot find the path specified)
	at java.io.FileOutputStream.open0(Native Method)
	at java.io.FileOutputStream.open(FileOutputStream.java:270)
	at java.io.FileOutputStream.<init>(FileOutputStream.java:213)
	at java.io.FileOutputStream.<init>(FileOutputStream.java:162)
	at org.openqa.selenium.io.FileHandler.copyFile(FileHandler.java:138)
	at org.openqa.selenium.io.FileHandler.copy(FileHandler.java:117)
	at DOLCreateEvent.qa.stepdefinitions.CreateEventStepsDuplicate.event_Manager_is_on_initial_page_of_Test_Environment_and_Logs_In_to_the_application_and_Navigates_to_the_Outreach_Module(CreateEventStepsDuplicate.java:110)
	at ✽.Then Event Manager is on initial page of Test Environment and Logs In to the application and Navigates to the Outreach Module.(D:/2021/DOLCMSTesting-master/src/main/java/DOLCreateEvents/qa/features/DOLCreateEvent.qa.features:6)
]]></error>
  </testcase>
  <testcase name="Then Event Manager clicks the Create New Event button." classname="| Testing for Sumit Puri1 | Testing for Sumit Puri3 | 12546 Grey Lane | Gaithersburg | 20844 | 230-000-2235 | sp@yahoo.com | www.hotmail.com | Testing for Sumit Puri |" time="0">
    <skipped/>
  </testcase>
  <testcase name="Then Event Manager enters in Events Details Info by entering the Testing for Sumit Puri1 field and clicks the Save button." classname="| Testing for Sumit Puri1 | Testing for Sumit Puri3 | 12546 Grey Lane | Gaithersburg | 20844 | 230-000-2235 | sp@yahoo.com | www.hotmail.com | Testing for Sumit Puri |" time="0">
    <skipped/>
  </testcase>
  <testcase name="Then Event Manager fills out the Location Name Field Testing for Sumit Puri3,Address Line Field 12546 Grey Lane of Type Details Section first part" classname="| Testing for Sumit Puri1 | Testing for Sumit Puri3 | 12546 Grey Lane | Gaithersburg | 20844 | 230-000-2235 | sp@yahoo.com | www.hotmail.com | Testing for Sumit Puri |" time="0">
    <skipped/>
  </testcase>
  <testcase name="Then Event Manager fills out the Gaithersburgcity field,20844zip field of Type Details Section second part" classname="| Testing for Sumit Puri1 | Testing for Sumit Puri3 | 12546 Grey Lane | Gaithersburg | 20844 | 230-000-2235 | sp@yahoo.com | www.hotmail.com | Testing for Sumit Puri |" time="0">
    <skipped/>
  </testcase>
  <testcase name="Then Event Manager fills out the 230-000-2235Primary Phone field, sp@yahoo.comEmail Field of the Type Details Section third part" classname="| Testing for Sumit Puri1 | Testing for Sumit Puri3 | 12546 Grey Lane | Gaithersburg | 20844 | 230-000-2235 | sp@yahoo.com | www.hotmail.com | Testing for Sumit Puri |" time="0">
    <skipped/>
  </testcase>
  <testcase name="Then Event Manager fills out the www.hotmail.comWebsite Field,Testing for Sumit PuriSpecial Instructions field of the Type Details Section fourth part" classname="| Testing for Sumit Puri1 | Testing for Sumit Puri3 | 12546 Grey Lane | Gaithersburg | 20844 | 230-000-2235 | sp@yahoo.com | www.hotmail.com | Testing for Sumit Puri |" time="0">
    <skipped/>
  </testcase>
  <testcase name="Then Event Manager Exits" classname="| Testing for Sumit Puri1 | Testing for Sumit Puri3 | 12546 Grey Lane | Gaithersburg | 20844 | 230-000-2235 | sp@yahoo.com | www.hotmail.com | Testing for Sumit Puri |" time="0">
    <skipped/>
  </testcase>
  <testcase name="Given Event Manager opens browser." classname="| Testing for Sumit Puri1 | Testing for Sumit Puri4 | 12547 Grey Lane | Baltimore | 20844 | 230-000-2236 | sp@yahoo.com | www.google.com | Testing for Sumit Puri |" time="0"/>
  <testcase name="Then Event Manager is on initial page of Test Environment and Logs In to the application and Navigates to the Outreach Module." classname="| Testing for Sumit Puri1 | Testing for Sumit Puri4 | 12547 Grey Lane | Baltimore | 20844 | 230-000-2236 | sp@yahoo.com | www.google.com | Testing for Sumit Puri |" time="0.001">
    <error message="C:\Users\z-Puri-Sumit\Documents\DOLTestCases\TESTPROJECT\src\main\java\DOL\qa\pages\Screenshots for Login\screenshotLogin1Error01-03-2021 17_36_57.jpg (The system cannot find the path specified)" type="java.io.FileNotFoundException"><![CDATA[java.io.FileNotFoundException: C:\Users\z-Puri-Sumit\Documents\DOLTestCases\TESTPROJECT\src\main\java\DOL\qa\pages\Screenshots for Login\screenshotLogin1Error01-03-2021 17_36_57.jpg (The system cannot find the path specified)
	at java.io.FileOutputStream.open0(Native Method)
	at java.io.FileOutputStream.open(FileOutputStream.java:270)
	at java.io.FileOutputStream.<init>(FileOutputStream.java:213)
	at java.io.FileOutputStream.<init>(FileOutputStream.java:162)
	at org.openqa.selenium.io.FileHandler.copyFile(FileHandler.java:138)
	at org.openqa.selenium.io.FileHandler.copy(FileHandler.java:117)
	at DOLCreateEvent.qa.stepdefinitions.CreateEventStepsDuplicate.event_Manager_is_on_initial_page_of_Test_Environment_and_Logs_In_to_the_application_and_Navigates_to_the_Outreach_Module(CreateEventStepsDuplicate.java:110)
	at ✽.Then Event Manager is on initial page of Test Environment and Logs In to the application and Navigates to the Outreach Module.(D:/2021/DOLCMSTesting-master/src/main/java/DOLCreateEvents/qa/features/DOLCreateEvent.qa.features:6)
]]></error>
    <system-out><![CDATA[01-03-2021 17_36_57
]]></system-out>
  </testcase>
  <testcase name="| Testing for Sumit Puri1 | Testing for Sumit Puri4 | 12547 Grey Lane | Baltimore | 20844 | 230-000-2236 | sp@yahoo.com | www.google.com | Testing for Sumit Puri |" classname="| Testing for Sumit Puri1 | Testing for Sumit Puri4 | 12547 Grey Lane | Baltimore | 20844 | 230-000-2236 | sp@yahoo.com | www.google.com | Testing for Sumit Puri |" time="0.001">
    <error message="C:\Users\z-Puri-Sumit\Documents\DOLTestCases\TESTPROJECT\src\main\java\DOL\qa\pages\Screenshots for Login\screenshotLogin1Error01-03-2021 17_36_57.jpg (The system cannot find the path specified)" type="java.io.FileNotFoundException"><![CDATA[java.io.FileNotFoundException: C:\Users\z-Puri-Sumit\Documents\DOLTestCases\TESTPROJECT\src\main\java\DOL\qa\pages\Screenshots for Login\screenshotLogin1Error01-03-2021 17_36_57.jpg (The system cannot find the path specified)
	at java.io.FileOutputStream.open0(Native Method)
	at java.io.FileOutputStream.open(FileOutputStream.java:270)
	at java.io.FileOutputStream.<init>(FileOutputStream.java:213)
	at java.io.FileOutputStream.<init>(FileOutputStream.java:162)
	at org.openqa.selenium.io.FileHandler.copyFile(FileHandler.java:138)
	at org.openqa.selenium.io.FileHandler.copy(FileHandler.java:117)
	at DOLCreateEvent.qa.stepdefinitions.CreateEventStepsDuplicate.event_Manager_is_on_initial_page_of_Test_Environment_and_Logs_In_to_the_application_and_Navigates_to_the_Outreach_Module(CreateEventStepsDuplicate.java:110)
	at ✽.Then Event Manager is on initial page of Test Environment and Logs In to the application and Navigates to the Outreach Module.(D:/2021/DOLCMSTesting-master/src/main/java/DOLCreateEvents/qa/features/DOLCreateEvent.qa.features:6)
]]></error>
  </testcase>
  <testcase name="Then Event Manager clicks the Create New Event button." classname="| Testing for Sumit Puri1 | Testing for Sumit Puri4 | 12547 Grey Lane | Baltimore | 20844 | 230-000-2236 | sp@yahoo.com | www.google.com | Testing for Sumit Puri |" time="0">
    <skipped/>
  </testcase>
  <testcase name="Then Event Manager enters in Events Details Info by entering the Testing for Sumit Puri1 field and clicks the Save button." classname="| Testing for Sumit Puri1 | Testing for Sumit Puri4 | 12547 Grey Lane | Baltimore | 20844 | 230-000-2236 | sp@yahoo.com | www.google.com | Testing for Sumit Puri |" time="0">
    <skipped/>
  </testcase>
  <testcase name="Then Event Manager fills out the Location Name Field Testing for Sumit Puri4,Address Line Field 12547 Grey Lane of Type Details Section first part" classname="| Testing for Sumit Puri1 | Testing for Sumit Puri4 | 12547 Grey Lane | Baltimore | 20844 | 230-000-2236 | sp@yahoo.com | www.google.com | Testing for Sumit Puri |" time="0">
    <skipped/>
  </testcase>
  <testcase name="Then Event Manager fills out the Baltimorecity field,20844zip field of Type Details Section second part" classname="| Testing for Sumit Puri1 | Testing for Sumit Puri4 | 12547 Grey Lane | Baltimore | 20844 | 230-000-2236 | sp@yahoo.com | www.google.com | Testing for Sumit Puri |" time="0">
    <skipped/>
  </testcase>
  <testcase name="Then Event Manager fills out the 230-000-2236Primary Phone field, sp@yahoo.comEmail Field of the Type Details Section third part" classname="| Testing for Sumit Puri1 | Testing for Sumit Puri4 | 12547 Grey Lane | Baltimore | 20844 | 230-000-2236 | sp@yahoo.com | www.google.com | Testing for Sumit Puri |" time="0">
    <skipped/>
  </testcase>
  <testcase name="Then Event Manager fills out the www.google.comWebsite Field,Testing for Sumit PuriSpecial Instructions field of the Type Details Section fourth part" classname="| Testing for Sumit Puri1 | Testing for Sumit Puri4 | 12547 Grey Lane | Baltimore | 20844 | 230-000-2236 | sp@yahoo.com | www.google.com | Testing for Sumit Puri |" time="0">
    <skipped/>
  </testcase>
  <testcase name="Then Event Manager Exits" classname="| Testing for Sumit Puri1 | Testing for Sumit Puri4 | 12547 Grey Lane | Baltimore | 20844 | 230-000-2236 | sp@yahoo.com | www.google.com | Testing for Sumit Puri |" time="0">
    <skipped/>
  </testcase>
  <testcase name="Given Event Manager opens browser." classname="| Testing for Sumit Puri1 | Testing for Sumit Puri5 | 12548 Grey Lane | Rockville | 20844 | 230-000-2237 | sp@yahoo.com | www.yahoo.com | Testing for Sumit Puri |" time="0"/>
  <testcase name="Then Event Manager is on initial page of Test Environment and Logs In to the application and Navigates to the Outreach Module." classname="| Testing for Sumit Puri1 | Testing for Sumit Puri5 | 12548 Grey Lane | Rockville | 20844 | 230-000-2237 | sp@yahoo.com | www.yahoo.com | Testing for Sumit Puri |" time="0.001">
    <error message="C:\Users\z-Puri-Sumit\Documents\DOLTestCases\TESTPROJECT\src\main\java\DOL\qa\pages\Screenshots for Login\screenshotLogin1Error01-03-2021 17_37_11.jpg (The system cannot find the path specified)" type="java.io.FileNotFoundException"><![CDATA[java.io.FileNotFoundException: C:\Users\z-Puri-Sumit\Documents\DOLTestCases\TESTPROJECT\src\main\java\DOL\qa\pages\Screenshots for Login\screenshotLogin1Error01-03-2021 17_37_11.jpg (The system cannot find the path specified)
	at java.io.FileOutputStream.open0(Native Method)
	at java.io.FileOutputStream.open(FileOutputStream.java:270)
	at java.io.FileOutputStream.<init>(FileOutputStream.java:213)
	at java.io.FileOutputStream.<init>(FileOutputStream.java:162)
	at org.openqa.selenium.io.FileHandler.copyFile(FileHandler.java:138)
	at org.openqa.selenium.io.FileHandler.copy(FileHandler.java:117)
	at DOLCreateEvent.qa.stepdefinitions.CreateEventStepsDuplicate.event_Manager_is_on_initial_page_of_Test_Environment_and_Logs_In_to_the_application_and_Navigates_to_the_Outreach_Module(CreateEventStepsDuplicate.java:110)
	at ✽.Then Event Manager is on initial page of Test Environment and Logs In to the application and Navigates to the Outreach Module.(D:/2021/DOLCMSTesting-master/src/main/java/DOLCreateEvents/qa/features/DOLCreateEvent.qa.features:6)
]]></error>
    <system-out><![CDATA[01-03-2021 17_37_11
]]></system-out>
  </testcase>
  <testcase name="| Testing for Sumit Puri1 | Testing for Sumit Puri5 | 12548 Grey Lane | Rockville | 20844 | 230-000-2237 | sp@yahoo.com | www.yahoo.com | Testing for Sumit Puri |" classname="| Testing for Sumit Puri1 | Testing for Sumit Puri5 | 12548 Grey Lane | Rockville | 20844 | 230-000-2237 | sp@yahoo.com | www.yahoo.com | Testing for Sumit Puri |" time="0.001">
    <error message="C:\Users\z-Puri-Sumit\Documents\DOLTestCases\TESTPROJECT\src\main\java\DOL\qa\pages\Screenshots for Login\screenshotLogin1Error01-03-2021 17_37_11.jpg (The system cannot find the path specified)" type="java.io.FileNotFoundException"><![CDATA[java.io.FileNotFoundException: C:\Users\z-Puri-Sumit\Documents\DOLTestCases\TESTPROJECT\src\main\java\DOL\qa\pages\Screenshots for Login\screenshotLogin1Error01-03-2021 17_37_11.jpg (The system cannot find the path specified)
	at java.io.FileOutputStream.open0(Native Method)
	at java.io.FileOutputStream.open(FileOutputStream.java:270)
	at java.io.FileOutputStream.<init>(FileOutputStream.java:213)
	at java.io.FileOutputStream.<init>(FileOutputStream.java:162)
	at org.openqa.selenium.io.FileHandler.copyFile(FileHandler.java:138)
	at org.openqa.selenium.io.FileHandler.copy(FileHandler.java:117)
	at DOLCreateEvent.qa.stepdefinitions.CreateEventStepsDuplicate.event_Manager_is_on_initial_page_of_Test_Environment_and_Logs_In_to_the_application_and_Navigates_to_the_Outreach_Module(CreateEventStepsDuplicate.java:110)
	at ✽.Then Event Manager is on initial page of Test Environment and Logs In to the application and Navigates to the Outreach Module.(D:/2021/DOLCMSTesting-master/src/main/java/DOLCreateEvents/qa/features/DOLCreateEvent.qa.features:6)
]]></error>
  </testcase>
  <testcase name="Then Event Manager clicks the Create New Event button." classname="| Testing for Sumit Puri1 | Testing for Sumit Puri5 | 12548 Grey Lane | Rockville | 20844 | 230-000-2237 | sp@yahoo.com | www.yahoo.com | Testing for Sumit Puri |" time="0">
    <skipped/>
  </testcase>
  <testcase name="Then Event Manager enters in Events Details Info by entering the Testing for Sumit Puri1 field and clicks the Save button." classname="| Testing for Sumit Puri1 | Testing for Sumit Puri5 | 12548 Grey Lane | Rockville | 20844 | 230-000-2237 | sp@yahoo.com | www.yahoo.com | Testing for Sumit Puri |" time="0">
    <skipped/>
  </testcase>
  <testcase name="Then Event Manager fills out the Location Name Field Testing for Sumit Puri5,Address Line Field 12548 Grey Lane of Type Details Section first part" classname="| Testing for Sumit Puri1 | Testing for Sumit Puri5 | 12548 Grey Lane | Rockville | 20844 | 230-000-2237 | sp@yahoo.com | www.yahoo.com | Testing for Sumit Puri |" time="0">
    <skipped/>
  </testcase>
  <testcase name="Then Event Manager fills out the Rockvillecity field,20844zip field of Type Details Section second part" classname="| Testing for Sumit Puri1 | Testing for Sumit Puri5 | 12548 Grey Lane | Rockville | 20844 | 230-000-2237 | sp@yahoo.com | www.yahoo.com | Testing for Sumit Puri |" time="0">
    <skipped/>
  </testcase>
  <testcase name="Then Event Manager fills out the 230-000-2237Primary Phone field, sp@yahoo.comEmail Field of the Type Details Section third part" classname="| Testing for Sumit Puri1 | Testing for Sumit Puri5 | 12548 Grey Lane | Rockville | 20844 | 230-000-2237 | sp@yahoo.com | www.yahoo.com | Testing for Sumit Puri |" time="0">
    <skipped/>
  </testcase>
  <testcase name="Then Event Manager fills out the www.yahoo.comWebsite Field,Testing for Sumit PuriSpecial Instructions field of the Type Details Section fourth part" classname="| Testing for Sumit Puri1 | Testing for Sumit Puri5 | 12548 Grey Lane | Rockville | 20844 | 230-000-2237 | sp@yahoo.com | www.yahoo.com | Testing for Sumit Puri |" time="0">
    <skipped/>
  </testcase>
  <testcase name="Then Event Manager Exits" classname="| Testing for Sumit Puri1 | Testing for Sumit Puri5 | 12548 Grey Lane | Rockville | 20844 | 230-000-2237 | sp@yahoo.com | www.yahoo.com | Testing for Sumit Puri |" time="0">
    <skipped/>
  </testcase>
  <testcase name="Given Event Manager opens browser." classname="| Testing for Sumit Puri1 | Testing for Sumit Puri6 | 12549 Grey Lane | Gaithersburg | 20844 | 230-000-2238 | sp@yahoo.com | www.hotmail.com | Testing for Sumit Puri |" time="0"/>
  <testcase name="Then Event Manager is on initial page of Test Environment and Logs In to the application and Navigates to the Outreach Module." classname="| Testing for Sumit Puri1 | Testing for Sumit Puri6 | 12549 Grey Lane | Gaithersburg | 20844 | 230-000-2238 | sp@yahoo.com | www.hotmail.com | Testing for Sumit Puri |" time="0">
    <error message="C:\Users\z-Puri-Sumit\Documents\DOLTestCases\TESTPROJECT\src\main\java\DOL\qa\pages\Screenshots for Login\screenshotLogin1Error01-03-2021 17_37_25.jpg (The system cannot find the path specified)" type="java.io.FileNotFoundException"><![CDATA[java.io.FileNotFoundException: C:\Users\z-Puri-Sumit\Documents\DOLTestCases\TESTPROJECT\src\main\java\DOL\qa\pages\Screenshots for Login\screenshotLogin1Error01-03-2021 17_37_25.jpg (The system cannot find the path specified)
	at java.io.FileOutputStream.open0(Native Method)
	at java.io.FileOutputStream.open(FileOutputStream.java:270)
	at java.io.FileOutputStream.<init>(FileOutputStream.java:213)
	at java.io.FileOutputStream.<init>(FileOutputStream.java:162)
	at org.openqa.selenium.io.FileHandler.copyFile(FileHandler.java:138)
	at org.openqa.selenium.io.FileHandler.copy(FileHandler.java:117)
	at DOLCreateEvent.qa.stepdefinitions.CreateEventStepsDuplicate.event_Manager_is_on_initial_page_of_Test_Environment_and_Logs_In_to_the_application_and_Navigates_to_the_Outreach_Module(CreateEventStepsDuplicate.java:110)
	at ✽.Then Event Manager is on initial page of Test Environment and Logs In to the application and Navigates to the Outreach Module.(D:/2021/DOLCMSTesting-master/src/main/java/DOLCreateEvents/qa/features/DOLCreateEvent.qa.features:6)
]]></error>
    <system-out><![CDATA[01-03-2021 17_37_25
]]></system-out>
  </testcase>
  <testcase name="| Testing for Sumit Puri1 | Testing for Sumit Puri6 | 12549 Grey Lane | Gaithersburg | 20844 | 230-000-2238 | sp@yahoo.com | www.hotmail.com | Testing for Sumit Puri |" classname="| Testing for Sumit Puri1 | Testing for Sumit Puri6 | 12549 Grey Lane | Gaithersburg | 20844 | 230-000-2238 | sp@yahoo.com | www.hotmail.com | Testing for Sumit Puri |" time="0.001">
    <error message="C:\Users\z-Puri-Sumit\Documents\DOLTestCases\TESTPROJECT\src\main\java\DOL\qa\pages\Screenshots for Login\screenshotLogin1Error01-03-2021 17_37_25.jpg (The system cannot find the path specified)" type="java.io.FileNotFoundException"><![CDATA[java.io.FileNotFoundException: C:\Users\z-Puri-Sumit\Documents\DOLTestCases\TESTPROJECT\src\main\java\DOL\qa\pages\Screenshots for Login\screenshotLogin1Error01-03-2021 17_37_25.jpg (The system cannot find the path specified)
	at java.io.FileOutputStream.open0(Native Method)
	at java.io.FileOutputStream.open(FileOutputStream.java:270)
	at java.io.FileOutputStream.<init>(FileOutputStream.java:213)
	at java.io.FileOutputStream.<init>(FileOutputStream.java:162)
	at org.openqa.selenium.io.FileHandler.copyFile(FileHandler.java:138)
	at org.openqa.selenium.io.FileHandler.copy(FileHandler.java:117)
	at DOLCreateEvent.qa.stepdefinitions.CreateEventStepsDuplicate.event_Manager_is_on_initial_page_of_Test_Environment_and_Logs_In_to_the_application_and_Navigates_to_the_Outreach_Module(CreateEventStepsDuplicate.java:110)
	at ✽.Then Event Manager is on initial page of Test Environment and Logs In to the application and Navigates to the Outreach Module.(D:/2021/DOLCMSTesting-master/src/main/java/DOLCreateEvents/qa/features/DOLCreateEvent.qa.features:6)
]]></error>
  </testcase>
  <testcase name="Then Event Manager clicks the Create New Event button." classname="| Testing for Sumit Puri1 | Testing for Sumit Puri6 | 12549 Grey Lane | Gaithersburg | 20844 | 230-000-2238 | sp@yahoo.com | www.hotmail.com | Testing for Sumit Puri |" time="0">
    <skipped/>
  </testcase>
  <testcase name="Then Event Manager enters in Events Details Info by entering the Testing for Sumit Puri1 field and clicks the Save button." classname="| Testing for Sumit Puri1 | Testing for Sumit Puri6 | 12549 Grey Lane | Gaithersburg | 20844 | 230-000-2238 | sp@yahoo.com | www.hotmail.com | Testing for Sumit Puri |" time="0">
    <skipped/>
  </testcase>
  <testcase name="Then Event Manager fills out the Location Name Field Testing for Sumit Puri6,Address Line Field 12549 Grey Lane of Type Details Section first part" classname="| Testing for Sumit Puri1 | Testing for Sumit Puri6 | 12549 Grey Lane | Gaithersburg | 20844 | 230-000-2238 | sp@yahoo.com | www.hotmail.com | Testing for Sumit Puri |" time="0">
    <skipped/>
  </testcase>
  <testcase name="Then Event Manager fills out the Gaithersburgcity field,20844zip field of Type Details Section second part" classname="| Testing for Sumit Puri1 | Testing for Sumit Puri6 | 12549 Grey Lane | Gaithersburg | 20844 | 230-000-2238 | sp@yahoo.com | www.hotmail.com | Testing for Sumit Puri |" time="0">
    <skipped/>
  </testcase>
  <testcase name="Then Event Manager fills out the 230-000-2238Primary Phone field, sp@yahoo.comEmail Field of the Type Details Section third part" classname="| Testing for Sumit Puri1 | Testing for Sumit Puri6 | 12549 Grey Lane | Gaithersburg | 20844 | 230-000-2238 | sp@yahoo.com | www.hotmail.com | Testing for Sumit Puri |" time="0">
    <skipped/>
  </testcase>
  <testcase name="Then Event Manager fills out the www.hotmail.comWebsite Field,Testing for Sumit PuriSpecial Instructions field of the Type Details Section fourth part" classname="| Testing for Sumit Puri1 | Testing for Sumit Puri6 | 12549 Grey Lane | Gaithersburg | 20844 | 230-000-2238 | sp@yahoo.com | www.hotmail.com | Testing for Sumit Puri |" time="0">
    <skipped/>
  </testcase>
  <testcase name="Then Event Manager Exits" classname="| Testing for Sumit Puri1 | Testing for Sumit Puri6 | 12549 Grey Lane | Gaithersburg | 20844 | 230-000-2238 | sp@yahoo.com | www.hotmail.com | Testing for Sumit Puri |" time="0">
    <skipped/>
  </testcase>
  <testcase name="Given Event Manager opens browser." classname="| Testing for Sumit Puri1 | Testing for Sumit Puri7 | 12550 Grey Lane | Baltimore | 20844 | 230-000-2239 | sp@yahoo.com | www.google.com | Testing for Sumit Puri |" time="0"/>
  <testcase name="Then Event Manager is on initial page of Test Environment and Logs In to the application and Navigates to the Outreach Module." classname="| Testing for Sumit Puri1 | Testing for Sumit Puri7 | 12550 Grey Lane | Baltimore | 20844 | 230-000-2239 | sp@yahoo.com | www.google.com | Testing for Sumit Puri |" time="0.001">
    <error message="C:\Users\z-Puri-Sumit\Documents\DOLTestCases\TESTPROJECT\src\main\java\DOL\qa\pages\Screenshots for Login\screenshotLogin1Error01-03-2021 17_37_39.jpg (The system cannot find the path specified)" type="java.io.FileNotFoundException"><![CDATA[java.io.FileNotFoundException: C:\Users\z-Puri-Sumit\Documents\DOLTestCases\TESTPROJECT\src\main\java\DOL\qa\pages\Screenshots for Login\screenshotLogin1Error01-03-2021 17_37_39.jpg (The system cannot find the path specified)
	at java.io.FileOutputStream.open0(Native Method)
	at java.io.FileOutputStream.open(FileOutputStream.java:270)
	at java.io.FileOutputStream.<init>(FileOutputStream.java:213)
	at java.io.FileOutputStream.<init>(FileOutputStream.java:162)
	at org.openqa.selenium.io.FileHandler.copyFile(FileHandler.java:138)
	at org.openqa.selenium.io.FileHandler.copy(FileHandler.java:117)
	at DOLCreateEvent.qa.stepdefinitions.CreateEventStepsDuplicate.event_Manager_is_on_initial_page_of_Test_Environment_and_Logs_In_to_the_application_and_Navigates_to_the_Outreach_Module(CreateEventStepsDuplicate.java:110)
	at ✽.Then Event Manager is on initial page of Test Environment and Logs In to the application and Navigates to the Outreach Module.(D:/2021/DOLCMSTesting-master/src/main/java/DOLCreateEvents/qa/features/DOLCreateEvent.qa.features:6)
]]></error>
    <system-out><![CDATA[01-03-2021 17_37_39
]]></system-out>
  </testcase>
  <testcase name="| Testing for Sumit Puri1 | Testing for Sumit Puri7 | 12550 Grey Lane | Baltimore | 20844 | 230-000-2239 | sp@yahoo.com | www.google.com | Testing for Sumit Puri |" classname="| Testing for Sumit Puri1 | Testing for Sumit Puri7 | 12550 Grey Lane | Baltimore | 20844 | 230-000-2239 | sp@yahoo.com | www.google.com | Testing for Sumit Puri |" time="0.001">
    <error message="C:\Users\z-Puri-Sumit\Documents\DOLTestCases\TESTPROJECT\src\main\java\DOL\qa\pages\Screenshots for Login\screenshotLogin1Error01-03-2021 17_37_39.jpg (The system cannot find the path specified)" type="java.io.FileNotFoundException"><![CDATA[java.io.FileNotFoundException: C:\Users\z-Puri-Sumit\Documents\DOLTestCases\TESTPROJECT\src\main\java\DOL\qa\pages\Screenshots for Login\screenshotLogin1Error01-03-2021 17_37_39.jpg (The system cannot find the path specified)
	at java.io.FileOutputStream.open0(Native Method)
	at java.io.FileOutputStream.open(FileOutputStream.java:270)
	at java.io.FileOutputStream.<init>(FileOutputStream.java:213)
	at java.io.FileOutputStream.<init>(FileOutputStream.java:162)
	at org.openqa.selenium.io.FileHandler.copyFile(FileHandler.java:138)
	at org.openqa.selenium.io.FileHandler.copy(FileHandler.java:117)
	at DOLCreateEvent.qa.stepdefinitions.CreateEventStepsDuplicate.event_Manager_is_on_initial_page_of_Test_Environment_and_Logs_In_to_the_application_and_Navigates_to_the_Outreach_Module(CreateEventStepsDuplicate.java:110)
	at ✽.Then Event Manager is on initial page of Test Environment and Logs In to the application and Navigates to the Outreach Module.(D:/2021/DOLCMSTesting-master/src/main/java/DOLCreateEvents/qa/features/DOLCreateEvent.qa.features:6)
]]></error>
  </testcase>
  <testcase name="Then Event Manager clicks the Create New Event button." classname="| Testing for Sumit Puri1 | Testing for Sumit Puri7 | 12550 Grey Lane | Baltimore | 20844 | 230-000-2239 | sp@yahoo.com | www.google.com | Testing for Sumit Puri |" time="0">
    <skipped/>
  </testcase>
  <testcase name="Then Event Manager enters in Events Details Info by entering the Testing for Sumit Puri1 field and clicks the Save button." classname="| Testing for Sumit Puri1 | Testing for Sumit Puri7 | 12550 Grey Lane | Baltimore | 20844 | 230-000-2239 | sp@yahoo.com | www.google.com | Testing for Sumit Puri |" time="0">
    <skipped/>
  </testcase>
  <testcase name="Then Event Manager fills out the Location Name Field Testing for Sumit Puri7,Address Line Field 12550 Grey Lane of Type Details Section first part" classname="| Testing for Sumit Puri1 | Testing for Sumit Puri7 | 12550 Grey Lane | Baltimore | 20844 | 230-000-2239 | sp@yahoo.com | www.google.com | Testing for Sumit Puri |" time="0">
    <skipped/>
  </testcase>
  <testcase name="Then Event Manager fills out the Baltimorecity field,20844zip field of Type Details Section second part" classname="| Testing for Sumit Puri1 | Testing for Sumit Puri7 | 12550 Grey Lane | Baltimore | 20844 | 230-000-2239 | sp@yahoo.com | www.google.com | Testing for Sumit Puri |" time="0">
    <skipped/>
  </testcase>
  <testcase name="Then Event Manager fills out the 230-000-2239Primary Phone field, sp@yahoo.comEmail Field of the Type Details Section third part" classname="| Testing for Sumit Puri1 | Testing for Sumit Puri7 | 12550 Grey Lane | Baltimore | 20844 | 230-000-2239 | sp@yahoo.com | www.google.com | Testing for Sumit Puri |" time="0">
    <skipped/>
  </testcase>
  <testcase name="Then Event Manager fills out the www.google.comWebsite Field,Testing for Sumit PuriSpecial Instructions field of the Type Details Section fourth part" classname="| Testing for Sumit Puri1 | Testing for Sumit Puri7 | 12550 Grey Lane | Baltimore | 20844 | 230-000-2239 | sp@yahoo.com | www.google.com | Testing for Sumit Puri |" time="0">
    <skipped/>
  </testcase>
  <testcase name="Then Event Manager Exits" classname="| Testing for Sumit Puri1 | Testing for Sumit Puri7 | 12550 Grey Lane | Baltimore | 20844 | 230-000-2239 | sp@yahoo.com | www.google.com | Testing for Sumit Puri |" time="0">
    <skipped/>
  </testcase>
  <testcase name="Given Event Manager opens browser." classname="| Testing for Sumit Puri1 | Testing for Sumit Puri8 | 12551 Grey Lane | Rockville | 20844 | 230-000-2240 | sp@yahoo.com | www.yahoo.com | Testing for Sumit Puri |" time="0"/>
  <testcase name="Then Event Manager is on initial page of Test Environment and Logs In to the application and Navigates to the Outreach Module." classname="| Testing for Sumit Puri1 | Testing for Sumit Puri8 | 12551 Grey Lane | Rockville | 20844 | 230-000-2240 | sp@yahoo.com | www.yahoo.com | Testing for Sumit Puri |" time="0">
    <error message="C:\Users\z-Puri-Sumit\Documents\DOLTestCases\TESTPROJECT\src\main\java\DOL\qa\pages\Screenshots for Login\screenshotLogin1Error01-03-2021 17_37_53.jpg (The system cannot find the path specified)" type="java.io.FileNotFoundException"><![CDATA[java.io.FileNotFoundException: C:\Users\z-Puri-Sumit\Documents\DOLTestCases\TESTPROJECT\src\main\java\DOL\qa\pages\Screenshots for Login\screenshotLogin1Error01-03-2021 17_37_53.jpg (The system cannot find the path specified)
	at java.io.FileOutputStream.open0(Native Method)
	at java.io.FileOutputStream.open(FileOutputStream.java:270)
	at java.io.FileOutputStream.<init>(FileOutputStream.java:213)
	at java.io.FileOutputStream.<init>(FileOutputStream.java:162)
	at org.openqa.selenium.io.FileHandler.copyFile(FileHandler.java:138)
	at org.openqa.selenium.io.FileHandler.copy(FileHandler.java:117)
	at DOLCreateEvent.qa.stepdefinitions.CreateEventStepsDuplicate.event_Manager_is_on_initial_page_of_Test_Environment_and_Logs_In_to_the_application_and_Navigates_to_the_Outreach_Module(CreateEventStepsDuplicate.java:110)
	at ✽.Then Event Manager is on initial page of Test Environment and Logs In to the application and Navigates to the Outreach Module.(D:/2021/DOLCMSTesting-master/src/main/java/DOLCreateEvents/qa/features/DOLCreateEvent.qa.features:6)
]]></error>
    <system-out><![CDATA[01-03-2021 17_37_52
]]></system-out>
  </testcase>
  <testcase name="| Testing for Sumit Puri1 | Testing for Sumit Puri8 | 12551 Grey Lane | Rockville | 20844 | 230-000-2240 | sp@yahoo.com | www.yahoo.com | Testing for Sumit Puri |" classname="| Testing for Sumit Puri1 | Testing for Sumit Puri8 | 12551 Grey Lane | Rockville | 20844 | 230-000-2240 | sp@yahoo.com | www.yahoo.com | Testing for Sumit Puri |" time="0.001">
    <error message="C:\Users\z-Puri-Sumit\Documents\DOLTestCases\TESTPROJECT\src\main\java\DOL\qa\pages\Screenshots for Login\screenshotLogin1Error01-03-2021 17_37_53.jpg (The system cannot find the path specified)" type="java.io.FileNotFoundException"><![CDATA[java.io.FileNotFoundException: C:\Users\z-Puri-Sumit\Documents\DOLTestCases\TESTPROJECT\src\main\java\DOL\qa\pages\Screenshots for Login\screenshotLogin1Error01-03-2021 17_37_53.jpg (The system cannot find the path specified)
	at java.io.FileOutputStream.open0(Native Method)
	at java.io.FileOutputStream.open(FileOutputStream.java:270)
	at java.io.FileOutputStream.<init>(FileOutputStream.java:213)
	at java.io.FileOutputStream.<init>(FileOutputStream.java:162)
	at org.openqa.selenium.io.FileHandler.copyFile(FileHandler.java:138)
	at org.openqa.selenium.io.FileHandler.copy(FileHandler.java:117)
	at DOLCreateEvent.qa.stepdefinitions.CreateEventStepsDuplicate.event_Manager_is_on_initial_page_of_Test_Environment_and_Logs_In_to_the_application_and_Navigates_to_the_Outreach_Module(CreateEventStepsDuplicate.java:110)
	at ✽.Then Event Manager is on initial page of Test Environment and Logs In to the application and Navigates to the Outreach Module.(D:/2021/DOLCMSTesting-master/src/main/java/DOLCreateEvents/qa/features/DOLCreateEvent.qa.features:6)
]]></error>
  </testcase>
  <testcase name="Then Event Manager clicks the Create New Event button." classname="| Testing for Sumit Puri1 | Testing for Sumit Puri8 | 12551 Grey Lane | Rockville | 20844 | 230-000-2240 | sp@yahoo.com | www.yahoo.com | Testing for Sumit Puri |" time="0">
    <skipped/>
  </testcase>
  <testcase name="Then Event Manager enters in Events Details Info by entering the Testing for Sumit Puri1 field and clicks the Save button." classname="| Testing for Sumit Puri1 | Testing for Sumit Puri8 | 12551 Grey Lane | Rockville | 20844 | 230-000-2240 | sp@yahoo.com | www.yahoo.com | Testing for Sumit Puri |" time="0">
    <skipped/>
  </testcase>
  <testcase name="Then Event Manager fills out the Location Name Field Testing for Sumit Puri8,Address Line Field 12551 Grey Lane of Type Details Section first part" classname="| Testing for Sumit Puri1 | Testing for Sumit Puri8 | 12551 Grey Lane | Rockville | 20844 | 230-000-2240 | sp@yahoo.com | www.yahoo.com | Testing for Sumit Puri |" time="0">
    <skipped/>
  </testcase>
  <testcase name="Then Event Manager fills out the Rockvillecity field,20844zip field of Type Details Section second part" classname="| Testing for Sumit Puri1 | Testing for Sumit Puri8 | 12551 Grey Lane | Rockville | 20844 | 230-000-2240 | sp@yahoo.com | www.yahoo.com | Testing for Sumit Puri |" time="0">
    <skipped/>
  </testcase>
  <testcase name="Then Event Manager fills out the 230-000-2240Primary Phone field, sp@yahoo.comEmail Field of the Type Details Section third part" classname="| Testing for Sumit Puri1 | Testing for Sumit Puri8 | 12551 Grey Lane | Rockville | 20844 | 230-000-2240 | sp@yahoo.com | www.yahoo.com | Testing for Sumit Puri |" time="0">
    <skipped/>
  </testcase>
  <testcase name="Then Event Manager fills out the www.yahoo.comWebsite Field,Testing for Sumit PuriSpecial Instructions field of the Type Details Section fourth part" classname="| Testing for Sumit Puri1 | Testing for Sumit Puri8 | 12551 Grey Lane | Rockville | 20844 | 230-000-2240 | sp@yahoo.com | www.yahoo.com | Testing for Sumit Puri |" time="0">
    <skipped/>
  </testcase>
  <testcase name="Then Event Manager Exits" classname="| Testing for Sumit Puri1 | Testing for Sumit Puri8 | 12551 Grey Lane | Rockville | 20844 | 230-000-2240 | sp@yahoo.com | www.yahoo.com | Testing for Sumit Puri |" time="0">
    <skipped/>
  </testcase>
  <testcase name="Given Event Manager opens browser." classname="| Testing for Sumit Puri1 | Testing for Sumit Puri9 | 12552 Grey Lane | Gaithersburg | 20844 | 230-000-2241 | sp@yahoo.com | www.hotmail.com | Testing for Sumit Puri |" time="0"/>
  <testcase name="Then Event Manager is on initial page of Test Environment and Logs In to the application and Navigates to the Outreach Module." classname="| Testing for Sumit Puri1 | Testing for Sumit Puri9 | 12552 Grey Lane | Gaithersburg | 20844 | 230-000-2241 | sp@yahoo.com | www.hotmail.com | Testing for Sumit Puri |" time="0">
    <error message="C:\Users\z-Puri-Sumit\Documents\DOLTestCases\TESTPROJECT\src\main\java\DOL\qa\pages\Screenshots for Login\screenshotLogin1Error01-03-2021 17_38_06.jpg (The system cannot find the path specified)" type="java.io.FileNotFoundException"><![CDATA[java.io.FileNotFoundException: C:\Users\z-Puri-Sumit\Documents\DOLTestCases\TESTPROJECT\src\main\java\DOL\qa\pages\Screenshots for Login\screenshotLogin1Error01-03-2021 17_38_06.jpg (The system cannot find the path specified)
	at java.io.FileOutputStream.open0(Native Method)
	at java.io.FileOutputStream.open(FileOutputStream.java:270)
	at java.io.FileOutputStream.<init>(FileOutputStream.java:213)
	at java.io.FileOutputStream.<init>(FileOutputStream.java:162)
	at org.openqa.selenium.io.FileHandler.copyFile(FileHandler.java:138)
	at org.openqa.selenium.io.FileHandler.copy(FileHandler.java:117)
	at DOLCreateEvent.qa.stepdefinitions.CreateEventStepsDuplicate.event_Manager_is_on_initial_page_of_Test_Environment_and_Logs_In_to_the_application_and_Navigates_to_the_Outreach_Module(CreateEventStepsDuplicate.java:110)
	at ✽.Then Event Manager is on initial page of Test Environment and Logs In to the application and Navigates to the Outreach Module.(D:/2021/DOLCMSTesting-master/src/main/java/DOLCreateEvents/qa/features/DOLCreateEvent.qa.features:6)
]]></error>
    <system-out><![CDATA[01-03-2021 17_38_06
]]></system-out>
  </testcase>
  <testcase name="| Testing for Sumit Puri1 | Testing for Sumit Puri9 | 12552 Grey Lane | Gaithersburg | 20844 | 230-000-2241 | sp@yahoo.com | www.hotmail.com | Testing for Sumit Puri |" classname="| Testing for Sumit Puri1 | Testing for Sumit Puri9 | 12552 Grey Lane | Gaithersburg | 20844 | 230-000-2241 | sp@yahoo.com | www.hotmail.com | Testing for Sumit Puri |" time="0.001">
    <error message="C:\Users\z-Puri-Sumit\Documents\DOLTestCases\TESTPROJECT\src\main\java\DOL\qa\pages\Screenshots for Login\screenshotLogin1Error01-03-2021 17_38_06.jpg (The system cannot find the path specified)" type="java.io.FileNotFoundException"><![CDATA[java.io.FileNotFoundException: C:\Users\z-Puri-Sumit\Documents\DOLTestCases\TESTPROJECT\src\main\java\DOL\qa\pages\Screenshots for Login\screenshotLogin1Error01-03-2021 17_38_06.jpg (The system cannot find the path specified)
	at java.io.FileOutputStream.open0(Native Method)
	at java.io.FileOutputStream.open(FileOutputStream.java:270)
	at java.io.FileOutputStream.<init>(FileOutputStream.java:213)
	at java.io.FileOutputStream.<init>(FileOutputStream.java:162)
	at org.openqa.selenium.io.FileHandler.copyFile(FileHandler.java:138)
	at org.openqa.selenium.io.FileHandler.copy(FileHandler.java:117)
	at DOLCreateEvent.qa.stepdefinitions.CreateEventStepsDuplicate.event_Manager_is_on_initial_page_of_Test_Environment_and_Logs_In_to_the_application_and_Navigates_to_the_Outreach_Module(CreateEventStepsDuplicate.java:110)
	at ✽.Then Event Manager is on initial page of Test Environment and Logs In to the application and Navigates to the Outreach Module.(D:/2021/DOLCMSTesting-master/src/main/java/DOLCreateEvents/qa/features/DOLCreateEvent.qa.features:6)
]]></error>
  </testcase>
  <testcase name="Then Event Manager clicks the Create New Event button." classname="| Testing for Sumit Puri1 | Testing for Sumit Puri9 | 12552 Grey Lane | Gaithersburg | 20844 | 230-000-2241 | sp@yahoo.com | www.hotmail.com | Testing for Sumit Puri |" time="0">
    <skipped/>
  </testcase>
  <testcase name="Then Event Manager enters in Events Details Info by entering the Testing for Sumit Puri1 field and clicks the Save button." classname="| Testing for Sumit Puri1 | Testing for Sumit Puri9 | 12552 Grey Lane | Gaithersburg | 20844 | 230-000-2241 | sp@yahoo.com | www.hotmail.com | Testing for Sumit Puri |" time="0">
    <skipped/>
  </testcase>
  <testcase name="Then Event Manager fills out the Location Name Field Testing for Sumit Puri9,Address Line Field 12552 Grey Lane of Type Details Section first part" classname="| Testing for Sumit Puri1 | Testing for Sumit Puri9 | 12552 Grey Lane | Gaithersburg | 20844 | 230-000-2241 | sp@yahoo.com | www.hotmail.com | Testing for Sumit Puri |" time="0">
    <skipped/>
  </testcase>
  <testcase name="Then Event Manager fills out the Gaithersburgcity field,20844zip field of Type Details Section second part" classname="| Testing for Sumit Puri1 | Testing for Sumit Puri9 | 12552 Grey Lane | Gaithersburg | 20844 | 230-000-2241 | sp@yahoo.com | www.hotmail.com | Testing for Sumit Puri |" time="0">
    <skipped/>
  </testcase>
  <testcase name="Then Event Manager fills out the 230-000-2241Primary Phone field, sp@yahoo.comEmail Field of the Type Details Section third part" classname="| Testing for Sumit Puri1 | Testing for Sumit Puri9 | 12552 Grey Lane | Gaithersburg | 20844 | 230-000-2241 | sp@yahoo.com | www.hotmail.com | Testing for Sumit Puri |" time="0">
    <skipped/>
  </testcase>
  <testcase name="Then Event Manager fills out the www.hotmail.comWebsite Field,Testing for Sumit PuriSpecial Instructions field of the Type Details Section fourth part" classname="| Testing for Sumit Puri1 | Testing for Sumit Puri9 | 12552 Grey Lane | Gaithersburg | 20844 | 230-000-2241 | sp@yahoo.com | www.hotmail.com | Testing for Sumit Puri |" time="0">
    <skipped/>
  </testcase>
  <testcase name="Then Event Manager Exits" classname="| Testing for Sumit Puri1 | Testing for Sumit Puri9 | 12552 Grey Lane | Gaithersburg | 20844 | 230-000-2241 | sp@yahoo.com | www.hotmail.com | Testing for Sumit Puri |" time="0">
    <skipped/>
  </testcase>
</testsuite>