<?xml version="1.0" encoding="UTF-8"?>
<testsuite name="DOLCreateEvent.qa.Runner.CreateEventRunnerTest" time="0.017" tests="90" errors="18" skipped="63" failures="0">
  <properties>
    <property name="java.runtime.name" value="Java(TM) SE Runtime Environment"/>
    <property name="sun.boot.library.path" value="C:\Program Files\Java\jdk1.8.0_161\jre\bin"/>
    <property name="java.vm.version" value="25.161-b12"/>
    <property name="java.vm.vendor" value="Oracle Corporation"/>
    <property name="maven.multiModuleProjectDirectory" value="C:\Program Files (x86)\Jenkins\workspace\Cucumber"/>
    <property name="java.vendor.url" value="http://java.oracle.com/"/>
    <property name="path.separator" value=";"/>
    <property name="guice.disable.misplaced.annotation.check" value="true"/>
    <property name="java.vm.name" value="Java HotSpot(TM) 64-Bit Server VM"/>
    <property name="file.encoding.pkg" value="sun.io"/>
    <property name="user.script" value=""/>
    <property name="user.country" value="US"/>
    <property name="sun.java.launcher" value="SUN_STANDARD"/>
    <property name="sun.os.patch.level" value=""/>
    <property name="java.vm.specification.name" value="Java Virtual Machine Specification"/>
    <property name="user.dir" value="D:\"/>
    <property name="java.runtime.version" value="1.8.0_161-b12"/>
    <property name="java.awt.graphicsenv" value="sun.awt.Win32GraphicsEnvironment"/>
    <property name="java.endorsed.dirs" value="C:\Program Files\Java\jdk1.8.0_161\jre\lib\endorsed"/>
    <property name="os.arch" value="amd64"/>
    <property name="java.io.tmpdir" value="C:\WINDOWS\TEMP\"/>
    <property name="line.separator" value="&#10;"/>
    <property name="java.vm.specification.vendor" value="Oracle Corporation"/>
    <property name="user.variant" value=""/>
    <property name="os.name" value="Windows 10"/>
    <property name="classworlds.conf" value="C:\Program Files (x86)\Jenkins\tools\hudson.tasks.Maven_MavenInstallation\Maven_Project\bin\..\bin\m2.conf"/>
    <property name="sun.jnu.encoding" value="Cp1252"/>
    <property name="java.library.path" value="C:\Program Files\Java\jdk1.8.0_161\bin;C:\WINDOWS\Sun\Java\bin;C:\WINDOWS\system32;C:\WINDOWS;C:\Program Files (x86)\Jenkins\tools\hudson.tasks.Maven_MavenInstallation\Maven_Project/bin;C:\Program Files (x86)\Common Files\Oracle\Java\javapath;C:\ProgramData\Oracle\Java\javapath;C:\WINDOWS\system32;C:\WINDOWS;C:\WINDOWS\System32\Wbem;C:\WINDOWS\System32\WindowsPowerShell\v1.0\;C:\WINDOWS\System32\OpenSSH\;C:\Program Files\dotnet\;C:\Program Files\Microsoft SQL Server\130\Tools\Binn\;C:\Program Files\Microsoft SQL Server\Client SDK\ODBC\130\Tools\Binn\;C:\Program Files (x86)\Microsoft SQL Server\130\Tools\Binn\;C:\Program Files\Microsoft SQL Server\130\DTS\Binn\;C:\Program Files (x86)\Microsoft SQL Server\Client SDK\ODBC\130\Tools\Binn\;C:\Program Files (x86)\Microsoft SQL Server\140\Tools\Binn\;C:\Program Files (x86)\Microsoft SQL Server\140\DTS\Binn\;C:\Program Files (x86)\Microsoft SQL Server\140\Tools\Binn\ManagementStudio\;C:\Program Files\Git\cmd;C:\PROGRA~2\Groovy\GROOVY~1.3\bin;C:\Android;C:\Windows\System32;C:\strawberry\c\bin;C:\strawberry\perl\bin;C:\Program Files\nodejs\;C:\Users\rajku\AppData\Local\Programs\Python\Python37-32\Scripts\;C:\Users\rajku\AppData\Local\Programs\Python\Python37-32\;D:\;C:\Program Files\Microsoft VS Code\bin;C:\Program Files\jEdit;C:\Program Files\Java\jdk1.8.0_161\bin;;C:\Program Files\Docker\Docker\resources\bin;C:\ProgramData\DockerDesktop\version-bin;C:\WINDOWS\system32\config\systemprofile\AppData\Local\Microsoft\WindowsApps;."/>
    <property name="maven.conf" value="C:\Program Files (x86)\Jenkins\tools\hudson.tasks.Maven_MavenInstallation\Maven_Project\bin\../conf"/>
    <property name="java.specification.name" value="Java Platform API Specification"/>
    <property name="java.class.version" value="52.0"/>
    <property name="sun.management.compiler" value="HotSpot 64-Bit Tiered Compilers"/>
    <property name="os.version" value="10.0"/>
    <property name="library.jansi.path" value="C:\Program Files (x86)\Jenkins\tools\hudson.tasks.Maven_MavenInstallation\Maven_Project\bin\..\lib\jansi-native"/>
    <property name="user.home" value="C:\WINDOWS\system32\config\systemprofile"/>
    <property name="user.timezone" value="Asia/Calcutta"/>
    <property name="java.awt.printerjob" value="sun.awt.windows.WPrinterJob"/>
    <property name="java.specification.version" value="1.8"/>
    <property name="file.encoding" value="Cp1252"/>
    <property name="user.name" value="DESKTOP-V64E70V$"/>
    <property name="java.class.path" value="C:\Program Files (x86)\Jenkins\tools\hudson.tasks.Maven_MavenInstallation\Maven_Project\bin\..\boot\plexus-classworlds-2.6.0.jar"/>
    <property name="java.vm.specification.version" value="1.8"/>
    <property name="sun.arch.data.model" value="64"/>
    <property name="java.home" value="C:\Program Files\Java\jdk1.8.0_161\jre"/>
    <property name="sun.java.command" value="org.codehaus.plexus.classworlds.launcher.Launcher -f D:\2021\DOLCMSTesting-master\pom.xml test"/>
    <property name="java.specification.vendor" value="Oracle Corporation"/>
    <property name="user.language" value="en"/>
    <property name="awt.toolkit" value="sun.awt.windows.WToolkit"/>
    <property name="java.vm.info" value="mixed mode"/>
    <property name="java.version" value="1.8.0_161"/>
    <property name="java.ext.dirs" value="C:\Program Files\Java\jdk1.8.0_161\jre\lib\ext;C:\WINDOWS\Sun\Java\lib\ext"/>
    <property name="sun.boot.class.path" value="C:\Program Files\Java\jdk1.8.0_161\jre\lib\resources.jar;C:\Program Files\Java\jdk1.8.0_161\jre\lib\rt.jar;C:\Program Files\Java\jdk1.8.0_161\jre\lib\sunrsasign.jar;C:\Program Files\Java\jdk1.8.0_161\jre\lib\jsse.jar;C:\Program Files\Java\jdk1.8.0_161\jre\lib\jce.jar;C:\Program Files\Java\jdk1.8.0_161\jre\lib\charsets.jar;C:\Program Files\Java\jdk1.8.0_161\jre\lib\jfr.jar;C:\Program Files\Java\jdk1.8.0_161\jre\classes"/>
    <property name="java.vendor" value="Oracle Corporation"/>
    <property name="maven.home" value="C:\Program Files (x86)\Jenkins\tools\hudson.tasks.Maven_MavenInstallation\Maven_Project\bin\.."/>
    <property name="file.separator" value="\"/>
    <property name="java.vendor.url.bug" value="http://bugreport.sun.com/bugreport/"/>
    <property name="sun.cpu.endian" value="little"/>
    <property name="sun.io.unicode.encoding" value="UnicodeLittle"/>
    <property name="sun.desktop" value="windows"/>
    <property name="sun.cpu.isalist" value="amd64"/>
  </properties>
  <testcase name="Given Event Manager opens browser." classname="| Testing for Sumit Puri1 | Testing for Sumit Puri1 | 12544 Grey Lane | Baltimore | 20844 | 230-000-2233 | sp@yahoo.com | www.google.com | Testing for Sumit Puri |" time="0.001"/>
  <testcase name="Then Event Manager is on initial page of Test Environment and Logs In to the application and Navigates to the Outreach Module." classname="| Testing for Sumit Puri1 | Testing for Sumit Puri1 | 12544 Grey Lane | Baltimore | 20844 | 230-000-2233 | sp@yahoo.com | www.google.com | Testing for Sumit Puri |" time="0.003">
    <error message="C:\Users\z-Puri-Sumit\Documents\DOLTestCases\TESTPROJECT\src\main\java\DOL\qa\pages\Screenshots for Login\screenshotLogin1Error01-03-2021 17_36_15.jpg (The system cannot find the path specified)" type="java.io.FileNotFoundException"><![CDATA[java.io.FileNotFoundException: C:\Users\z-Puri-Sumit\Documents\DOLTestCases\TESTPROJECT\src\main\java\DOL\qa\pages\Screenshots for Login\screenshotLogin1Error01-03-2021 17_36_15.jpg (The system cannot find the path specified)
	at java.io.FileOutputStream.open0(Native Method)
	at java.io.FileOutputStream.open(FileOutputStream.java:270)
	at java.io.FileOutputStream.<init>(FileOutputStream.java:213)
	at java.io.FileOutputStream.<init>(FileOutputStream.java:162)
	at org.openqa.selenium.io.FileHandler.copyFile(FileHandler.java:138)
	at org.openqa.selenium.io.FileHandler.copy(FileHandler.java:117)
	at DOLCreateEvent.qa.stepdefinitions.CreateEventStepsDuplicate.event_Manager_is_on_initial_page_of_Test_Environment_and_Logs_In_to_the_application_and_Navigates_to_the_Outreach_Module(CreateEventStepsDuplicate.java:110)
	at ✽.Then Event Manager is on initial page of Test Environment and Logs In to the application and Navigates to the Outreach Module.(D:/2021/DOLCMSTesting-master/src/main/java/DOLCreateEvents/qa/features/DOLCreateEvent.qa.features:6)
]]></error>
    <system-out><![CDATA[01-03-2021 17_36_15
]]></system-out>
  </testcase>
  <testcase name="| Testing for Sumit Puri1 | Testing for Sumit Puri1 | 12544 Grey Lane | Baltimore | 20844 | 230-000-2233 | sp@yahoo.com | www.google.com | Testing for Sumit Puri |" classname="| Testing for Sumit Puri1 | Testing for Sumit Puri1 | 12544 Grey Lane | Baltimore | 20844 | 230-000-2233 | sp@yahoo.com | www.google.com | Testing for Sumit Puri |" time="0.003">
    <error message="C:\Users\z-Puri-Sumit\Documents\DOLTestCases\TESTPROJECT\src\main\java\DOL\qa\pages\Screenshots for Login\screenshotLogin1Error01-03-2021 17_36_15.jpg (The system cannot find the path specified)" type="java.io.FileNotFoundException"><![CDATA[java.io.FileNotFoundException: C:\Users\z-Puri-Sumit\Documents\DOLTestCases\TESTPROJECT\src\main\java\DOL\qa\pages\Screenshots for Login\screenshotLogin1Error01-03-2021 17_36_15.jpg (The system cannot find the path specified)
	at java.io.FileOutputStream.open0(Native Method)
	at java.io.FileOutputStream.open(FileOutputStream.java:270)
	at java.io.FileOutputStream.<init>(FileOutputStream.java:213)
	at java.io.FileOutputStream.<init>(FileOutputStream.java:162)
	at org.openqa.selenium.io.FileHandler.copyFile(FileHandler.java:138)
	at org.openqa.selenium.io.FileHandler.copy(FileHandler.java:117)
	at DOLCreateEvent.qa.stepdefinitions.CreateEventStepsDuplicate.event_Manager_is_on_initial_page_of_Test_Environment_and_Logs_In_to_the_application_and_Navigates_to_the_Outreach_Module(CreateEventStepsDuplicate.java:110)
	at ✽.Then Event Manager is on initial page of Test Environment and Logs In to the application and Navigates to the Outreach Module.(D:/2021/DOLCMSTesting-master/src/main/java/DOLCreateEvents/qa/features/DOLCreateEvent.qa.features:6)
]]></error>
  </testcase>
  <testcase name="Then Event Manager clicks the Create New Event button." classname="| Testing for Sumit Puri1 | Testing for Sumit Puri1 | 12544 Grey Lane | Baltimore | 20844 | 230-000-2233 | sp@yahoo.com | www.google.com | Testing for Sumit Puri |" time="0">
    <skipped/>
  </testcase>
  <testcase name="Then Event Manager enters in Events Details Info by entering the Testing for Sumit Puri1 field and clicks the Save button." classname="| Testing for Sumit Puri1 | Testing for Sumit Puri1 | 12544 Grey Lane | Baltimore | 20844 | 230-000-2233 | sp@yahoo.com | www.google.com | Testing for Sumit Puri |" time="0">
    <skipped/>
  </testcase>
  <testcase name="Then Event Manager fills out the Location Name Field Testing for Sumit Puri1,Address Line Field 12544 Grey Lane of Type Details Section first part" classname="| Testing for Sumit Puri1 | Testing for Sumit Puri1 | 12544 Grey Lane | Baltimore | 20844 | 230-000-2233 | sp@yahoo.com | www.google.com | Testing for Sumit Puri |" time="0">
    <skipped/>
  </testcase>
  <testcase name="Then Event Manager fills out the Baltimorecity field,20844zip field of Type Details Section second part" classname="| Testing for Sumit Puri1 | Testing for Sumit Puri1 | 12544 Grey Lane | Baltimore | 20844 | 230-000-2233 | sp@yahoo.com | www.google.com | Testing for Sumit Puri |" time="0">
    <skipped/>
  </testcase>
  <testcase name="Then Event Manager fills out the 230-000-2233Primary Phone field, sp@yahoo.comEmail Field of the Type Details Section third part" classname="| Testing for Sumit Puri1 | Testing for Sumit Puri1 | 12544 Grey Lane | Baltimore | 20844 | 230-000-2233 | sp@yahoo.com | www.google.com | Testing for Sumit Puri |" time="0">
    <skipped/>
  </testcase>
  <testcase name="Then Event Manager fills out the www.google.comWebsite Field,Testing for Sumit PuriSpecial Instructions field of the Type Details Section fourth part" classname="| Testing for Sumit Puri1 | Testing for Sumit Puri1 | 12544 Grey Lane | Baltimore | 20844 | 230-000-2233 | sp@yahoo.com | www.google.com | Testing for Sumit Puri |" time="0">
    <skipped/>
  </testcase>
  <testcase name="Then Event Manager Exits" classname="| Testing for Sumit Puri1 | Testing for Sumit Puri1 | 12544 Grey Lane | Baltimore | 20844 | 230-000-2233 | sp@yahoo.com | www.google.com | Testing for Sumit Puri |" time="0">
    <skipped/>
  </testcase>
  <testcase name="Given Event Manager opens browser." classname="| Testing for Sumit Puri1 | Testing for Sumit Puri2 | 12545 Grey Lane | Rockville | 20844 | 230-000-2234 | sp@yahoo.com | www.yahoo.com | Testing for Sumit Puri |" time="0"/>
  <testcase name="Then Event Manager is on initial page of Test Environment and Logs In to the application and Navigates to the Outreach Module." classname="| Testing for Sumit Puri1 | Testing for Sumit Puri2 | 12545 Grey Lane | Rockville | 20844 | 230-000-2234 | sp@yahoo.com | www.yahoo.com | Testing for Sumit Puri |" time="0">
    <error message="C:\Users\z-Puri-Sumit\Documents\DOLTestCases\TESTPROJECT\src\main\java\DOL\qa\pages\Screenshots for Login\screenshotLogin1Error01-03-2021 17_36_29.jpg (The system cannot find the path specified)" type="java.io.FileNotFoundException"><![CDATA[java.io.FileNotFoundException: C:\Users\z-Puri-Sumit\Documents\DOLTestCases\TESTPROJECT\src\main\java\DOL\qa\pages\Screenshots for Login\screenshotLogin1Error01-03-2021 17_36_29.jpg (The system cannot find the path specified)
	at java.io.FileOutputStream.open0(Native Method)
	at java.io.FileOutputStream.open(FileOutputStream.java:270)
	at java.io.FileOutputStream.<init>(FileOutputStream.java:213)
	at java.io.FileOutputStream.<init>(FileOutputStream.java:162)
	at org.openqa.selenium.io.FileHandler.copyFile(FileHandler.java:138)
	at org.openqa.selenium.io.FileHandler.copy(FileHandler.java:117)
	at DOLCreateEvent.qa.stepdefinitions.CreateEventStepsDuplicate.event_Manager_is_on_initial_page_of_Test_Environment_and_Logs_In_to_the_application_and_Navigates_to_the_Outreach_Module(CreateEventStepsDuplicate.java:110)
	at ✽.Then Event Manager is on initial page of Test Environment and Logs In to the application and Navigates to the Outreach Module.(D:/2021/DOLCMSTesting-master/src/main/java/DOLCreateEvents/qa/features/DOLCreateEvent.qa.features:6)
]]></error>
    <system-out><![CDATA[01-03-2021 17_36_29
]]></system-out>
  </testcase>
  <testcase name="| Testing for Sumit Puri1 | Testing for Sumit Puri2 | 12545 Grey Lane | Rockville | 20844 | 230-000-2234 | sp@yahoo.com | www.yahoo.com | Testing for Sumit Puri |" classname="| Testing for Sumit Puri1 | Testing for Sumit Puri2 | 12545 Grey Lane | Rockville | 20844 | 230-000-2234 | sp@yahoo.com | www.yahoo.com | Testing for Sumit Puri |" time="0.001">
    <error message="C:\Users\z-Puri-Sumit\Documents\DOLTestCases\TESTPROJECT\src\main\java\DOL\qa\pages\Screenshots for Login\screenshotLogin1Error01-03-2021 17_36_29.jpg (The system cannot find the path specified)" type="java.io.FileNotFoundException"><![CDATA[java.io.FileNotFoundException: C:\Users\z-Puri-Sumit\Documents\DOLTestCases\TESTPROJECT\src\main\java\DOL\qa\pages\Screenshots for Login\screenshotLogin1Error01-03-2021 17_36_29.jpg (The system cannot find the path specified)
	at java.io.FileOutputStream.open0(Native Method)
	at java.io.FileOutputStream.open(FileOutputStream.java:270)
	at java.io.FileOutputStream.<init>(FileOutputStream.java:213)
	at java.io.FileOutputStream.<init>(FileOutputStream.java:162)
	at org.openqa.selenium.io.FileHandler.copyFile(FileHandler.java:138)
	at org.openqa.selenium.io.FileHandler.copy(FileHandler.java:117)
	at DOLCreateEvent.qa.stepdefinitions.CreateEventStepsDuplicate.event_Manager_is_on_initial_page_of_Test_Environment_and_Logs_In_to_the_application_and_Navigates_to_the_Outreach_Module(CreateEventStepsDuplicate.java:110)
	at ✽.Then Event Manager is on initial page of Test Environment and Logs In to the application and Navigates to the Outreach Module.(D:/2021/DOLCMSTesting-master/src/main/java/DOLCreateEvents/qa/features/DOLCreateEvent.qa.features:6)
]]></error>
  </testcase>
  <testcase name="Then Event Manager clicks the Create New Event button." classname="| Testing for Sumit Puri1 | Testing for Sumit Puri2 | 12545 Grey Lane | Rockville | 20844 | 230-000-2234 | sp@yahoo.com | www.yahoo.com | Testing for Sumit Puri |" time="0">
    <skipped/>
  </testcase>
  <testcase name="Then Event Manager enters in Events Details Info by entering the Testing for Sumit Puri1 field and clicks the Save button." classname="| Testing for Sumit Puri1 | Testing for Sumit Puri2 | 12545 Grey Lane | Rockville | 20844 | 230-000-2234 | sp@yahoo.com | www.yahoo.com | Testing for Sumit Puri |" time="0">
    <skipped/>
  </testcase>
  <testcase name="Then Event Manager fills out the Location Name Field Testing for Sumit Puri2,Address Line Field 12545 Grey Lane of Type Details Section first part" classname="| Testing for Sumit Puri1 | Testing for Sumit Puri2 | 12545 Grey Lane | Rockville | 20844 | 230-000-2234 | sp@yahoo.com | www.yahoo.com | Testing for Sumit Puri |" time="0">
    <skipped/>
  </testcase>
  <testcase name="Then Event Manager fills out the Rockvillecity field,20844zip field of Type Details Section second part" classname="| Testing for Sumit Puri1 | Testing for Sumit Puri2 | 12545 Grey Lane | Rockville | 20844 | 230-000-2234 | sp@yahoo.com | www.yahoo.com | Testing for Sumit Puri |" time="0">
    <skipped/>
  </testcase>
  <testcase name="Then Event Manager fills out the 230-000-2234Primary Phone field, sp@yahoo.comEmail Field of the Type Details Section third part" classname="| Testing for Sumit Puri1 | Testing for Sumit Puri2 | 12545 Grey Lane | Rockville | 20844 | 230-000-2234 | sp@yahoo.com | www.yahoo.com | Testing for Sumit Puri |" time="0">
    <skipped/>
  </testcase>
  <testcase name="Then Event Manager fills out the www.yahoo.comWebsite Field,Testing for Sumit PuriSpecial Instructions field of the Type Details Section fourth part" classname="| Testing for Sumit Puri1 | Testing for Sumit Puri2 | 12545 Grey Lane | Rockville | 20844 | 230-000-2234 | sp@yahoo.com | www.yahoo.com | Testing for Sumit Puri |" time="0">
    <skipped/>
  </testcase>
  <testcase name="Then Event Manager Exits" classname="| Testing for Sumit Puri1 | Testing for Sumit Puri2 | 12545 Grey Lane | Rockville | 20844 | 230-000-2234 | sp@yahoo.com | www.yahoo.com | Testing for Sumit Puri |" time="0">
    <skipped/>
  </testcase>
  <testcase name="Given Event Manager opens browser." classname="| Testing for Sumit Puri1 | Testing for Sumit Puri3 | 12546 Grey Lane | Gaithersburg | 20844 | 230-000-2235 | sp@yahoo.com | www.hotmail.com | Testing for Sumit Puri |" time="0"/>
  <testcase name="Then Event Manager is on initial page of Test Environment and Logs In to the application and Navigates to the Outreach Module." classname="| Testing for Sumit Puri1 | Testing for Sumit Puri3 | 12546 Grey Lane | Gaithersburg | 20844 | 230-000-2235 | sp@yahoo.com | www.hotmail.com | Testing for Sumit Puri |" time="0">
    <error message="C:\Users\z-Puri-Sumit\Documents\DOLTestCases\TESTPROJECT\src\main\java\DOL\qa\pages\Screenshots for Login\screenshotLogin1Error01-03-2021 17_36_43.jpg (The system cannot find the path specified)" type="java.io.FileNotFoundException"><![CDATA[java.io.FileNotFoundException: C:\Users\z-Puri-Sumit\Documents\DOLTestCases\TESTPROJECT\src\main\java\DOL\qa\pages\Screenshots for Login\screenshotLogin1Error01-03-2021 17_36_43.jpg (The system cannot find the path specified)
	at java.io.FileOutputStream.open0(Native Method)
	at java.io.FileOutputStream.open(FileOutputStream.java:270)
	at java.io.FileOutputStream.<init>(FileOutputStream.java:213)
	at java.io.FileOutputStream.<init>(FileOutputStream.java:162)
	at org.openqa.selenium.io.FileHandler.copyFile(FileHandler.java:138)
	at org.openqa.selenium.io.FileHandler.copy(FileHandler.java:117)
	at DOLCreateEvent.qa.stepdefinitions.CreateEventStepsDuplicate.event_Manager_is_on_initial_page_of_Test_Environment_and_Logs_In_to_the_application_and_Navigates_to_the_Outreach_Module(CreateEventStepsDuplicate.java:110)
	at ✽.Then Event Manager is on initial page of Test Environment and Logs In to the application and Navigates to the Outreach Module.(D:/2021/DOLCMSTesting-master/src/main/java/DOLCreateEvents/qa/features/DOLCreateEvent.qa.features:6)
]]></error>
    <system-out><![CDATA[01-03-2021 17_36_43
]]></system-out>
  </testcase>
  <testcase name="| Testing for Sumit Puri1 | Testing for Sumit Puri3 | 12546 Grey Lane | Gaithersburg | 20844 | 230-000-2235 | sp@yahoo.com | www.hotmail.com | Testing for Sumit Puri |" classname="| Testing for Sumit Puri1 | Testing for Sumit Puri3 | 12546 Grey Lane | Gaithersburg | 20844 | 230-000-2235 | sp@yahoo.com | www.hotmail.com | Testing for Sumit Puri |" time="0">
    <error message="C:\Users\z-Puri-Sumit\Documents\DOLTestCases\TESTPROJECT\src\main\java\DOL\qa\pages\Screenshots for Login\screenshotLogin1Error01-03-2021 17_36_43.jpg (The system cannot find the path specified)" type="java.io.FileNotFoundException"><![CDATA[java.io.FileNotFoundException: C:\Users\z-Puri-Sumit\Documents\DOLTestCases\TESTPROJECT\src\main\java\DOL\qa\pages\Screenshots for Login\screenshotLogin1Error01-03-2021 17_36_43.jpg (The system cannot find the path specified)
	at java.io.FileOutputStream.open0(Native Method)
	at java.io.FileOutputStream.open(FileOutputStream.java:270)
	at java.io.FileOutputStream.<init>(FileOutputStream.java:213)
	at java.io.FileOutputStream.<init>(FileOutputStream.java:162)
	at org.openqa.selenium.io.FileHandler.copyFile(FileHandler.java:138)
	at org.openqa.selenium.io.FileHandler.copy(FileHandler.java:117)
	at DOLCreateEvent.qa.stepdefinitions.CreateEventStepsDuplicate.event_Manager_is_on_initial_page_of_Test_Environment_and_Logs_In_to_the_application_and_Navigates_to_the_Outreach_Module(CreateEventStepsDuplicate.java:110)
	at ✽.Then Event Manager is on initial page of Test Environment and Logs In to the application and Navigates to the Outreach Module.(D:/2021/DOLCMSTesting-master/src/main/java/DOLCreateEvents/qa/features/DOLCreateEvent.qa.features:6)
]]></error>
  </testcase>
  <testcase name="Then Event Manager clicks the Create New Event button." classname="| Testing for Sumit Puri1 | Testing for Sumit Puri3 | 12546 Grey Lane | Gaithersburg | 20844 | 230-000-2235 | sp@yahoo.com | www.hotmail.com | Testing for Sumit Puri |" time="0">
    <skipped/>
  </testcase>
  <testcase name="Then Event Manager enters in Events Details Info by entering the Testing for Sumit Puri1 field and clicks the Save button." classname="| Testing for Sumit Puri1 | Testing for Sumit Puri3 | 12546 Grey Lane | Gaithersburg | 20844 | 230-000-2235 | sp@yahoo.com | www.hotmail.com | Testing for Sumit Puri |" time="0">
    <skipped/>
  </testcase>
  <testcase name="Then Event Manager fills out the Location Name Field Testing for Sumit Puri3,Address Line Field 12546 Grey Lane of Type Details Section first part" classname="| Testing for Sumit Puri1 | Testing for Sumit Puri3 | 12546 Grey Lane | Gaithersburg | 20844 | 230-000-2235 | sp@yahoo.com | www.hotmail.com | Testing for Sumit Puri |" time="0">
    <skipped/>
  </testcase>
  <testcase name="Then Event Manager fills out the Gaithersburgcity field,20844zip field of Type Details Section second part" classname="| Testing for Sumit Puri1 | Testing for Sumit Puri3 | 12546 Grey Lane | Gaithersburg | 20844 | 230-000-2235 | sp@yahoo.com | www.hotmail.com | Testing for Sumit Puri |" time="0">
    <skipped/>
  </testcase>
  <testcase name="Then Event Manager fills out the 230-000-2235Primary Phone field, sp@yahoo.comEmail Field of the Type Details Section third part" classname="| Testing for Sumit Puri1 | Testing for Sumit Puri3 | 12546 Grey Lane | Gaithersburg | 20844 | 230-000-2235 | sp@yahoo.com | www.hotmail.com | Testing for Sumit Puri |" time="0">
    <skipped/>
  </testcase>
  <testcase name="Then Event Manager fills out the www.hotmail.comWebsite Field,Testing for Sumit PuriSpecial Instructions field of the Type Details Section fourth part" classname="| Testing for Sumit Puri1 | Testing for Sumit Puri3 | 12546 Grey Lane | Gaithersburg | 20844 | 230-000-2235 | sp@yahoo.com | www.hotmail.com | Testing for Sumit Puri |" time="0">
    <skipped/>
  </testcase>
  <testcase name="Then Event Manager Exits" classname="| Testing for Sumit Puri1 | Testing for Sumit Puri3 | 12546 Grey Lane | Gaithersburg | 20844 | 230-000-2235 | sp@yahoo.com | www.hotmail.com | Testing for Sumit Puri |" time="0">
    <skipped/>
  </testcase>
  <testcase name="Given Event Manager opens browser." classname="| Testing for Sumit Puri1 | Testing for Sumit Puri4 | 12547 Grey Lane | Baltimore | 20844 | 230-000-2236 | sp@yahoo.com | www.google.com | Testing for Sumit Puri |" time="0"/>
  <testcase name="Then Event Manager is on initial page of Test Environment and Logs In to the application and Navigates to the Outreach Module." classname="| Testing for Sumit Puri1 | Testing for Sumit Puri4 | 12547 Grey Lane | Baltimore | 20844 | 230-000-2236 | sp@yahoo.com | www.google.com | Testing for Sumit Puri |" time="0.001">
    <error message="C:\Users\z-Puri-Sumit\Documents\DOLTestCases\TESTPROJECT\src\main\java\DOL\qa\pages\Screenshots for Login\screenshotLogin1Error01-03-2021 17_36_57.jpg (The system cannot find the path specified)" type="java.io.FileNotFoundException"><![CDATA[java.io.FileNotFoundException: C:\Users\z-Puri-Sumit\Documents\DOLTestCases\TESTPROJECT\src\main\java\DOL\qa\pages\Screenshots for Login\screenshotLogin1Error01-03-2021 17_36_57.jpg (The system cannot find the path specified)
	at java.io.FileOutputStream.open0(Native Method)
	at java.io.FileOutputStream.open(FileOutputStream.java:270)
	at java.io.FileOutputStream.<init>(FileOutputStream.java:213)
	at java.io.FileOutputStream.<init>(FileOutputStream.java:162)
	at org.openqa.selenium.io.FileHandler.copyFile(FileHandler.java:138)
	at org.openqa.selenium.io.FileHandler.copy(FileHandler.java:117)
	at DOLCreateEvent.qa.stepdefinitions.CreateEventStepsDuplicate.event_Manager_is_on_initial_page_of_Test_Environment_and_Logs_In_to_the_application_and_Navigates_to_the_Outreach_Module(CreateEventStepsDuplicate.java:110)
	at ✽.Then Event Manager is on initial page of Test Environment and Logs In to the application and Navigates to the Outreach Module.(D:/2021/DOLCMSTesting-master/src/main/java/DOLCreateEvents/qa/features/DOLCreateEvent.qa.features:6)
]]></error>
    <system-out><![CDATA[01-03-2021 17_36_57
]]></system-out>
  </testcase>
  <testcase name="| Testing for Sumit Puri1 | Testing for Sumit Puri4 | 12547 Grey Lane | Baltimore | 20844 | 230-000-2236 | sp@yahoo.com | www.google.com | Testing for Sumit Puri |" classname="| Testing for Sumit Puri1 | Testing for Sumit Puri4 | 12547 Grey Lane | Baltimore | 20844 | 230-000-2236 | sp@yahoo.com | www.google.com | Testing for Sumit Puri |" time="0.001">
    <error message="C:\Users\z-Puri-Sumit\Documents\DOLTestCases\TESTPROJECT\src\main\java\DOL\qa\pages\Screenshots for Login\screenshotLogin1Error01-03-2021 17_36_57.jpg (The system cannot find the path specified)" type="java.io.FileNotFoundException"><![CDATA[java.io.FileNotFoundException: C:\Users\z-Puri-Sumit\Documents\DOLTestCases\TESTPROJECT\src\main\java\DOL\qa\pages\Screenshots for Login\screenshotLogin1Error01-03-2021 17_36_57.jpg (The system cannot find the path specified)
	at java.io.FileOutputStream.open0(Native Method)
	at java.io.FileOutputStream.open(FileOutputStream.java:270)
	at java.io.FileOutputStream.<init>(FileOutputStream.java:213)
	at java.io.FileOutputStream.<init>(FileOutputStream.java:162)
	at org.openqa.selenium.io.FileHandler.copyFile(FileHandler.java:138)
	at org.openqa.selenium.io.FileHandler.copy(FileHandler.java:117)
	at DOLCreateEvent.qa.stepdefinitions.CreateEventStepsDuplicate.event_Manager_is_on_initial_page_of_Test_Environment_and_Logs_In_to_the_application_and_Navigates_to_the_Outreach_Module(CreateEventStepsDuplicate.java:110)
	at ✽.Then Event Manager is on initial page of Test Environment and Logs In to the application and Navigates to the Outreach Module.(D:/2021/DOLCMSTesting-master/src/main/java/DOLCreateEvents/qa/features/DOLCreateEvent.qa.features:6)
]]></error>
  </testcase>
  <testcase name="Then Event Manager clicks the Create New Event button." classname="| Testing for Sumit Puri1 | Testing for Sumit Puri4 | 12547 Grey Lane | Baltimore | 20844 | 230-000-2236 | sp@yahoo.com | www.google.com | Testing for Sumit Puri |" time="0">
    <skipped/>
  </testcase>
  <testcase name="Then Event Manager enters in Events Details Info by entering the Testing for Sumit Puri1 field and clicks the Save button." classname="| Testing for Sumit Puri1 | Testing for Sumit Puri4 | 12547 Grey Lane | Baltimore | 20844 | 230-000-2236 | sp@yahoo.com | www.google.com | Testing for Sumit Puri |" time="0">
    <skipped/>
  </testcase>
  <testcase name="Then Event Manager fills out the Location Name Field Testing for Sumit Puri4,Address Line Field 12547 Grey Lane of Type Details Section first part" classname="| Testing for Sumit Puri1 | Testing for Sumit Puri4 | 12547 Grey Lane | Baltimore | 20844 | 230-000-2236 | sp@yahoo.com | www.google.com | Testing for Sumit Puri |" time="0">
    <skipped/>
  </testcase>
  <testcase name="Then Event Manager fills out the Baltimorecity field,20844zip field of Type Details Section second part" classname="| Testing for Sumit Puri1 | Testing for Sumit Puri4 | 12547 Grey Lane | Baltimore | 20844 | 230-000-2236 | sp@yahoo.com | www.google.com | Testing for Sumit Puri |" time="0">
    <skipped/>
  </testcase>
  <testcase name="Then Event Manager fills out the 230-000-2236Primary Phone field, sp@yahoo.comEmail Field of the Type Details Section third part" classname="| Testing for Sumit Puri1 | Testing for Sumit Puri4 | 12547 Grey Lane | Baltimore | 20844 | 230-000-2236 | sp@yahoo.com | www.google.com | Testing for Sumit Puri |" time="0">
    <skipped/>
  </testcase>
  <testcase name="Then Event Manager fills out the www.google.comWebsite Field,Testing for Sumit PuriSpecial Instructions field of the Type Details Section fourth part" classname="| Testing for Sumit Puri1 | Testing for Sumit Puri4 | 12547 Grey Lane | Baltimore | 20844 | 230-000-2236 | sp@yahoo.com | www.google.com | Testing for Sumit Puri |" time="0">
    <skipped/>
  </testcase>
  <testcase name="Then Event Manager Exits" classname="| Testing for Sumit Puri1 | Testing for Sumit Puri4 | 12547 Grey Lane | Baltimore | 20844 | 230-000-2236 | sp@yahoo.com | www.google.com | Testing for Sumit Puri |" time="0">
    <skipped/>
  </testcase>
  <testcase name="Given Event Manager opens browser." classname="| Testing for Sumit Puri1 | Testing for Sumit Puri5 | 12548 Grey Lane | Rockville | 20844 | 230-000-2237 | sp@yahoo.com | www.yahoo.com | Testing for Sumit Puri |" time="0"/>
  <testcase name="Then Event Manager is on initial page of Test Environment and Logs In to the application and Navigates to the Outreach Module." classname="| Testing for Sumit Puri1 | Testing for Sumit Puri5 | 12548 Grey Lane | Rockville | 20844 | 230-000-2237 | sp@yahoo.com | www.yahoo.com | Testing for Sumit Puri |" time="0.001">
    <error message="C:\Users\z-Puri-Sumit\Documents\DOLTestCases\TESTPROJECT\src\main\java\DOL\qa\pages\Screenshots for Login\screenshotLogin1Error01-03-2021 17_37_11.jpg (The system cannot find the path specified)" type="java.io.FileNotFoundException"><![CDATA[java.io.FileNotFoundException: C:\Users\z-Puri-Sumit\Documents\DOLTestCases\TESTPROJECT\src\main\java\DOL\qa\pages\Screenshots for Login\screenshotLogin1Error01-03-2021 17_37_11.jpg (The system cannot find the path specified)
	at java.io.FileOutputStream.open0(Native Method)
	at java.io.FileOutputStream.open(FileOutputStream.java:270)
	at java.io.FileOutputStream.<init>(FileOutputStream.java:213)
	at java.io.FileOutputStream.<init>(FileOutputStream.java:162)
	at org.openqa.selenium.io.FileHandler.copyFile(FileHandler.java:138)
	at org.openqa.selenium.io.FileHandler.copy(FileHandler.java:117)
	at DOLCreateEvent.qa.stepdefinitions.CreateEventStepsDuplicate.event_Manager_is_on_initial_page_of_Test_Environment_and_Logs_In_to_the_application_and_Navigates_to_the_Outreach_Module(CreateEventStepsDuplicate.java:110)
	at ✽.Then Event Manager is on initial page of Test Environment and Logs In to the application and Navigates to the Outreach Module.(D:/2021/DOLCMSTesting-master/src/main/java/DOLCreateEvents/qa/features/DOLCreateEvent.qa.features:6)
]]></error>
    <system-out><![CDATA[01-03-2021 17_37_11
]]></system-out>
  </testcase>
  <testcase name="| Testing for Sumit Puri1 | Testing for Sumit Puri5 | 12548 Grey Lane | Rockville | 20844 | 230-000-2237 | sp@yahoo.com | www.yahoo.com | Testing for Sumit Puri |" classname="| Testing for Sumit Puri1 | Testing for Sumit Puri5 | 12548 Grey Lane | Rockville | 20844 | 230-000-2237 | sp@yahoo.com | www.yahoo.com | Testing for Sumit Puri |" time="0.001">
    <error message="C:\Users\z-Puri-Sumit\Documents\DOLTestCases\TESTPROJECT\src\main\java\DOL\qa\pages\Screenshots for Login\screenshotLogin1Error01-03-2021 17_37_11.jpg (The system cannot find the path specified)" type="java.io.FileNotFoundException"><![CDATA[java.io.FileNotFoundException: C:\Users\z-Puri-Sumit\Documents\DOLTestCases\TESTPROJECT\src\main\java\DOL\qa\pages\Screenshots for Login\screenshotLogin1Error01-03-2021 17_37_11.jpg (The system cannot find the path specified)
	at java.io.FileOutputStream.open0(Native Method)
	at java.io.FileOutputStream.open(FileOutputStream.java:270)
	at java.io.FileOutputStream.<init>(FileOutputStream.java:213)
	at java.io.FileOutputStream.<init>(FileOutputStream.java:162)
	at org.openqa.selenium.io.FileHandler.copyFile(FileHandler.java:138)
	at org.openqa.selenium.io.FileHandler.copy(FileHandler.java:117)
	at DOLCreateEvent.qa.stepdefinitions.CreateEventStepsDuplicate.event_Manager_is_on_initial_page_of_Test_Environment_and_Logs_In_to_the_application_and_Navigates_to_the_Outreach_Module(CreateEventStepsDuplicate.java:110)
	at ✽.Then Event Manager is on initial page of Test Environment and Logs In to the application and Navigates to the Outreach Module.(D:/2021/DOLCMSTesting-master/src/main/java/DOLCreateEvents/qa/features/DOLCreateEvent.qa.features:6)
]]></error>
  </testcase>
  <testcase name="Then Event Manager clicks the Create New Event button." classname="| Testing for Sumit Puri1 | Testing for Sumit Puri5 | 12548 Grey Lane | Rockville | 20844 | 230-000-2237 | sp@yahoo.com | www.yahoo.com | Testing for Sumit Puri |" time="0">
    <skipped/>
  </testcase>
  <testcase name="Then Event Manager enters in Events Details Info by entering the Testing for Sumit Puri1 field and clicks the Save button." classname="| Testing for Sumit Puri1 | Testing for Sumit Puri5 | 12548 Grey Lane | Rockville | 20844 | 230-000-2237 | sp@yahoo.com | www.yahoo.com | Testing for Sumit Puri |" time="0">
    <skipped/>
  </testcase>
  <testcase name="Then Event Manager fills out the Location Name Field Testing for Sumit Puri5,Address Line Field 12548 Grey Lane of Type Details Section first part" classname="| Testing for Sumit Puri1 | Testing for Sumit Puri5 | 12548 Grey Lane | Rockville | 20844 | 230-000-2237 | sp@yahoo.com | www.yahoo.com | Testing for Sumit Puri |" time="0">
    <skipped/>
  </testcase>
  <testcase name="Then Event Manager fills out the Rockvillecity field,20844zip field of Type Details Section second part" classname="| Testing for Sumit Puri1 | Testing for Sumit Puri5 | 12548 Grey Lane | Rockville | 20844 | 230-000-2237 | sp@yahoo.com | www.yahoo.com | Testing for Sumit Puri |" time="0">
    <skipped/>
  </testcase>
  <testcase name="Then Event Manager fills out the 230-000-2237Primary Phone field, sp@yahoo.comEmail Field of the Type Details Section third part" classname="| Testing for Sumit Puri1 | Testing for Sumit Puri5 | 12548 Grey Lane | Rockville | 20844 | 230-000-2237 | sp@yahoo.com | www.yahoo.com | Testing for Sumit Puri |" time="0">
    <skipped/>
  </testcase>
  <testcase name="Then Event Manager fills out the www.yahoo.comWebsite Field,Testing for Sumit PuriSpecial Instructions field of the Type Details Section fourth part" classname="| Testing for Sumit Puri1 | Testing for Sumit Puri5 | 12548 Grey Lane | Rockville | 20844 | 230-000-2237 | sp@yahoo.com | www.yahoo.com | Testing for Sumit Puri |" time="0">
    <skipped/>
  </testcase>
  <testcase name="Then Event Manager Exits" classname="| Testing for Sumit Puri1 | Testing for Sumit Puri5 | 12548 Grey Lane | Rockville | 20844 | 230-000-2237 | sp@yahoo.com | www.yahoo.com | Testing for Sumit Puri |" time="0">
    <skipped/>
  </testcase>
  <testcase name="Given Event Manager opens browser." classname="| Testing for Sumit Puri1 | Testing for Sumit Puri6 | 12549 Grey Lane | Gaithersburg | 20844 | 230-000-2238 | sp@yahoo.com | www.hotmail.com | Testing for Sumit Puri |" time="0"/>
  <testcase name="Then Event Manager is on initial page of Test Environment and Logs In to the application and Navigates to the Outreach Module." classname="| Testing for Sumit Puri1 | Testing for Sumit Puri6 | 12549 Grey Lane | Gaithersburg | 20844 | 230-000-2238 | sp@yahoo.com | www.hotmail.com | Testing for Sumit Puri |" time="0">
    <error message="C:\Users\z-Puri-Sumit\Documents\DOLTestCases\TESTPROJECT\src\main\java\DOL\qa\pages\Screenshots for Login\screenshotLogin1Error01-03-2021 17_37_25.jpg (The system cannot find the path specified)" type="java.io.FileNotFoundException"><![CDATA[java.io.FileNotFoundException: C:\Users\z-Puri-Sumit\Documents\DOLTestCases\TESTPROJECT\src\main\java\DOL\qa\pages\Screenshots for Login\screenshotLogin1Error01-03-2021 17_37_25.jpg (The system cannot find the path specified)
	at java.io.FileOutputStream.open0(Native Method)
	at java.io.FileOutputStream.open(FileOutputStream.java:270)
	at java.io.FileOutputStream.<init>(FileOutputStream.java:213)
	at java.io.FileOutputStream.<init>(FileOutputStream.java:162)
	at org.openqa.selenium.io.FileHandler.copyFile(FileHandler.java:138)
	at org.openqa.selenium.io.FileHandler.copy(FileHandler.java:117)
	at DOLCreateEvent.qa.stepdefinitions.CreateEventStepsDuplicate.event_Manager_is_on_initial_page_of_Test_Environment_and_Logs_In_to_the_application_and_Navigates_to_the_Outreach_Module(CreateEventStepsDuplicate.java:110)
	at ✽.Then Event Manager is on initial page of Test Environment and Logs In to the application and Navigates to the Outreach Module.(D:/2021/DOLCMSTesting-master/src/main/java/DOLCreateEvents/qa/features/DOLCreateEvent.qa.features:6)
]]></error>
    <system-out><![CDATA[01-03-2021 17_37_25
]]></system-out>
  </testcase>
  <testcase name="| Testing for Sumit Puri1 | Testing for Sumit Puri6 | 12549 Grey Lane | Gaithersburg | 20844 | 230-000-2238 | sp@yahoo.com | www.hotmail.com | Testing for Sumit Puri |" classname="| Testing for Sumit Puri1 | Testing for Sumit Puri6 | 12549 Grey Lane | Gaithersburg | 20844 | 230-000-2238 | sp@yahoo.com | www.hotmail.com | Testing for Sumit Puri |" time="0.001">
    <error message="C:\Users\z-Puri-Sumit\Documents\DOLTestCases\TESTPROJECT\src\main\java\DOL\qa\pages\Screenshots for Login\screenshotLogin1Error01-03-2021 17_37_25.jpg (The system cannot find the path specified)" type="java.io.FileNotFoundException"><![CDATA[java.io.FileNotFoundException: C:\Users\z-Puri-Sumit\Documents\DOLTestCases\TESTPROJECT\src\main\java\DOL\qa\pages\Screenshots for Login\screenshotLogin1Error01-03-2021 17_37_25.jpg (The system cannot find the path specified)
	at java.io.FileOutputStream.open0(Native Method)
	at java.io.FileOutputStream.open(FileOutputStream.java:270)
	at java.io.FileOutputStream.<init>(FileOutputStream.java:213)
	at java.io.FileOutputStream.<init>(FileOutputStream.java:162)
	at org.openqa.selenium.io.FileHandler.copyFile(FileHandler.java:138)
	at org.openqa.selenium.io.FileHandler.copy(FileHandler.java:117)
	at DOLCreateEvent.qa.stepdefinitions.CreateEventStepsDuplicate.event_Manager_is_on_initial_page_of_Test_Environment_and_Logs_In_to_the_application_and_Navigates_to_the_Outreach_Module(CreateEventStepsDuplicate.java:110)
	at ✽.Then Event Manager is on initial page of Test Environment and Logs In to the application and Navigates to the Outreach Module.(D:/2021/DOLCMSTesting-master/src/main/java/DOLCreateEvents/qa/features/DOLCreateEvent.qa.features:6)
]]></error>
  </testcase>
  <testcase name="Then Event Manager clicks the Create New Event button." classname="| Testing for Sumit Puri1 | Testing for Sumit Puri6 | 12549 Grey Lane | Gaithersburg | 20844 | 230-000-2238 | sp@yahoo.com | www.hotmail.com | Testing for Sumit Puri |" time="0">
    <skipped/>
  </testcase>
  <testcase name="Then Event Manager enters in Events Details Info by entering the Testing for Sumit Puri1 field and clicks the Save button." classname="| Testing for Sumit Puri1 | Testing for Sumit Puri6 | 12549 Grey Lane | Gaithersburg | 20844 | 230-000-2238 | sp@yahoo.com | www.hotmail.com | Testing for Sumit Puri |" time="0">
    <skipped/>
  </testcase>
  <testcase name="Then Event Manager fills out the Location Name Field Testing for Sumit Puri6,Address Line Field 12549 Grey Lane of Type Details Section first part" classname="| Testing for Sumit Puri1 | Testing for Sumit Puri6 | 12549 Grey Lane | Gaithersburg | 20844 | 230-000-2238 | sp@yahoo.com | www.hotmail.com | Testing for Sumit Puri |" time="0">
    <skipped/>
  </testcase>
  <testcase name="Then Event Manager fills out the Gaithersburgcity field,20844zip field of Type Details Section second part" classname="| Testing for Sumit Puri1 | Testing for Sumit Puri6 | 12549 Grey Lane | Gaithersburg | 20844 | 230-000-2238 | sp@yahoo.com | www.hotmail.com | Testing for Sumit Puri |" time="0">
    <skipped/>
  </testcase>
  <testcase name="Then Event Manager fills out the 230-000-2238Primary Phone field, sp@yahoo.comEmail Field of the Type Details Section third part" classname="| Testing for Sumit Puri1 | Testing for Sumit Puri6 | 12549 Grey Lane | Gaithersburg | 20844 | 230-000-2238 | sp@yahoo.com | www.hotmail.com | Testing for Sumit Puri |" time="0">
    <skipped/>
  </testcase>
  <testcase name="Then Event Manager fills out the www.hotmail.comWebsite Field,Testing for Sumit PuriSpecial Instructions field of the Type Details Section fourth part" classname="| Testing for Sumit Puri1 | Testing for Sumit Puri6 | 12549 Grey Lane | Gaithersburg | 20844 | 230-000-2238 | sp@yahoo.com | www.hotmail.com | Testing for Sumit Puri |" time="0">
    <skipped/>
  </testcase>
  <testcase name="Then Event Manager Exits" classname="| Testing for Sumit Puri1 | Testing for Sumit Puri6 | 12549 Grey Lane | Gaithersburg | 20844 | 230-000-2238 | sp@yahoo.com | www.hotmail.com | Testing for Sumit Puri |" time="0">
    <skipped/>
  </testcase>
  <testcase name="Given Event Manager opens browser." classname="| Testing for Sumit Puri1 | Testing for Sumit Puri7 | 12550 Grey Lane | Baltimore | 20844 | 230-000-2239 | sp@yahoo.com | www.google.com | Testing for Sumit Puri |" time="0"/>
  <testcase name="Then Event Manager is on initial page of Test Environment and Logs In to the application and Navigates to the Outreach Module." classname="| Testing for Sumit Puri1 | Testing for Sumit Puri7 | 12550 Grey Lane | Baltimore | 20844 | 230-000-2239 | sp@yahoo.com | www.google.com | Testing for Sumit Puri |" time="0.001">
    <error message="C:\Users\z-Puri-Sumit\Documents\DOLTestCases\TESTPROJECT\src\main\java\DOL\qa\pages\Screenshots for Login\screenshotLogin1Error01-03-2021 17_37_39.jpg (The system cannot find the path specified)" type="java.io.FileNotFoundException"><![CDATA[java.io.FileNotFoundException: C:\Users\z-Puri-Sumit\Documents\DOLTestCases\TESTPROJECT\src\main\java\DOL\qa\pages\Screenshots for Login\screenshotLogin1Error01-03-2021 17_37_39.jpg (The system cannot find the path specified)
	at java.io.FileOutputStream.open0(Native Method)
	at java.io.FileOutputStream.open(FileOutputStream.java:270)
	at java.io.FileOutputStream.<init>(FileOutputStream.java:213)
	at java.io.FileOutputStream.<init>(FileOutputStream.java:162)
	at org.openqa.selenium.io.FileHandler.copyFile(FileHandler.java:138)
	at org.openqa.selenium.io.FileHandler.copy(FileHandler.java:117)
	at DOLCreateEvent.qa.stepdefinitions.CreateEventStepsDuplicate.event_Manager_is_on_initial_page_of_Test_Environment_and_Logs_In_to_the_application_and_Navigates_to_the_Outreach_Module(CreateEventStepsDuplicate.java:110)
	at ✽.Then Event Manager is on initial page of Test Environment and Logs In to the application and Navigates to the Outreach Module.(D:/2021/DOLCMSTesting-master/src/main/java/DOLCreateEvents/qa/features/DOLCreateEvent.qa.features:6)
]]></error>
    <system-out><![CDATA[01-03-2021 17_37_39
]]></system-out>
  </testcase>
  <testcase name="| Testing for Sumit Puri1 | Testing for Sumit Puri7 | 12550 Grey Lane | Baltimore | 20844 | 230-000-2239 | sp@yahoo.com | www.google.com | Testing for Sumit Puri |" classname="| Testing for Sumit Puri1 | Testing for Sumit Puri7 | 12550 Grey Lane | Baltimore | 20844 | 230-000-2239 | sp@yahoo.com | www.google.com | Testing for Sumit Puri |" time="0.001">
    <error message="C:\Users\z-Puri-Sumit\Documents\DOLTestCases\TESTPROJECT\src\main\java\DOL\qa\pages\Screenshots for Login\screenshotLogin1Error01-03-2021 17_37_39.jpg (The system cannot find the path specified)" type="java.io.FileNotFoundException"><![CDATA[java.io.FileNotFoundException: C:\Users\z-Puri-Sumit\Documents\DOLTestCases\TESTPROJECT\src\main\java\DOL\qa\pages\Screenshots for Login\screenshotLogin1Error01-03-2021 17_37_39.jpg (The system cannot find the path specified)
	at java.io.FileOutputStream.open0(Native Method)
	at java.io.FileOutputStream.open(FileOutputStream.java:270)
	at java.io.FileOutputStream.<init>(FileOutputStream.java:213)
	at java.io.FileOutputStream.<init>(FileOutputStream.java:162)
	at org.openqa.selenium.io.FileHandler.copyFile(FileHandler.java:138)
	at org.openqa.selenium.io.FileHandler.copy(FileHandler.java:117)
	at DOLCreateEvent.qa.stepdefinitions.CreateEventStepsDuplicate.event_Manager_is_on_initial_page_of_Test_Environment_and_Logs_In_to_the_application_and_Navigates_to_the_Outreach_Module(CreateEventStepsDuplicate.java:110)
	at ✽.Then Event Manager is on initial page of Test Environment and Logs In to the application and Navigates to the Outreach Module.(D:/2021/DOLCMSTesting-master/src/main/java/DOLCreateEvents/qa/features/DOLCreateEvent.qa.features:6)
]]></error>
  </testcase>
  <testcase name="Then Event Manager clicks the Create New Event button." classname="| Testing for Sumit Puri1 | Testing for Sumit Puri7 | 12550 Grey Lane | Baltimore | 20844 | 230-000-2239 | sp@yahoo.com | www.google.com | Testing for Sumit Puri |" time="0">
    <skipped/>
  </testcase>
  <testcase name="Then Event Manager enters in Events Details Info by entering the Testing for Sumit Puri1 field and clicks the Save button." classname="| Testing for Sumit Puri1 | Testing for Sumit Puri7 | 12550 Grey Lane | Baltimore | 20844 | 230-000-2239 | sp@yahoo.com | www.google.com | Testing for Sumit Puri |" time="0">
    <skipped/>
  </testcase>
  <testcase name="Then Event Manager fills out the Location Name Field Testing for Sumit Puri7,Address Line Field 12550 Grey Lane of Type Details Section first part" classname="| Testing for Sumit Puri1 | Testing for Sumit Puri7 | 12550 Grey Lane | Baltimore | 20844 | 230-000-2239 | sp@yahoo.com | www.google.com | Testing for Sumit Puri |" time="0">
    <skipped/>
  </testcase>
  <testcase name="Then Event Manager fills out the Baltimorecity field,20844zip field of Type Details Section second part" classname="| Testing for Sumit Puri1 | Testing for Sumit Puri7 | 12550 Grey Lane | Baltimore | 20844 | 230-000-2239 | sp@yahoo.com | www.google.com | Testing for Sumit Puri |" time="0">
    <skipped/>
  </testcase>
  <testcase name="Then Event Manager fills out the 230-000-2239Primary Phone field, sp@yahoo.comEmail Field of the Type Details Section third part" classname="| Testing for Sumit Puri1 | Testing for Sumit Puri7 | 12550 Grey Lane | Baltimore | 20844 | 230-000-2239 | sp@yahoo.com | www.google.com | Testing for Sumit Puri |" time="0">
    <skipped/>
  </testcase>
  <testcase name="Then Event Manager fills out the www.google.comWebsite Field,Testing for Sumit PuriSpecial Instructions field of the Type Details Section fourth part" classname="| Testing for Sumit Puri1 | Testing for Sumit Puri7 | 12550 Grey Lane | Baltimore | 20844 | 230-000-2239 | sp@yahoo.com | www.google.com | Testing for Sumit Puri |" time="0">
    <skipped/>
  </testcase>
  <testcase name="Then Event Manager Exits" classname="| Testing for Sumit Puri1 | Testing for Sumit Puri7 | 12550 Grey Lane | Baltimore | 20844 | 230-000-2239 | sp@yahoo.com | www.google.com | Testing for Sumit Puri |" time="0">
    <skipped/>
  </testcase>
  <testcase name="Given Event Manager opens browser." classname="| Testing for Sumit Puri1 | Testing for Sumit Puri8 | 12551 Grey Lane | Rockville | 20844 | 230-000-2240 | sp@yahoo.com | www.yahoo.com | Testing for Sumit Puri |" time="0"/>
  <testcase name="Then Event Manager is on initial page of Test Environment and Logs In to the application and Navigates to the Outreach Module." classname="| Testing for Sumit Puri1 | Testing for Sumit Puri8 | 12551 Grey Lane | Rockville | 20844 | 230-000-2240 | sp@yahoo.com | www.yahoo.com | Testing for Sumit Puri |" time="0">
    <error message="C:\Users\z-Puri-Sumit\Documents\DOLTestCases\TESTPROJECT\src\main\java\DOL\qa\pages\Screenshots for Login\screenshotLogin1Error01-03-2021 17_37_53.jpg (The system cannot find the path specified)" type="java.io.FileNotFoundException"><![CDATA[java.io.FileNotFoundException: C:\Users\z-Puri-Sumit\Documents\DOLTestCases\TESTPROJECT\src\main\java\DOL\qa\pages\Screenshots for Login\screenshotLogin1Error01-03-2021 17_37_53.jpg (The system cannot find the path specified)
	at java.io.FileOutputStream.open0(Native Method)
	at java.io.FileOutputStream.open(FileOutputStream.java:270)
	at java.io.FileOutputStream.<init>(FileOutputStream.java:213)
	at java.io.FileOutputStream.<init>(FileOutputStream.java:162)
	at org.openqa.selenium.io.FileHandler.copyFile(FileHandler.java:138)
	at org.openqa.selenium.io.FileHandler.copy(FileHandler.java:117)
	at DOLCreateEvent.qa.stepdefinitions.CreateEventStepsDuplicate.event_Manager_is_on_initial_page_of_Test_Environment_and_Logs_In_to_the_application_and_Navigates_to_the_Outreach_Module(CreateEventStepsDuplicate.java:110)
	at ✽.Then Event Manager is on initial page of Test Environment and Logs In to the application and Navigates to the Outreach Module.(D:/2021/DOLCMSTesting-master/src/main/java/DOLCreateEvents/qa/features/DOLCreateEvent.qa.features:6)
]]></error>
    <system-out><![CDATA[01-03-2021 17_37_52
]]></system-out>
  </testcase>
  <testcase name="| Testing for Sumit Puri1 | Testing for Sumit Puri8 | 12551 Grey Lane | Rockville | 20844 | 230-000-2240 | sp@yahoo.com | www.yahoo.com | Testing for Sumit Puri |" classname="| Testing for Sumit Puri1 | Testing for Sumit Puri8 | 12551 Grey Lane | Rockville | 20844 | 230-000-2240 | sp@yahoo.com | www.yahoo.com | Testing for Sumit Puri |" time="0.001">
    <error message="C:\Users\z-Puri-Sumit\Documents\DOLTestCases\TESTPROJECT\src\main\java\DOL\qa\pages\Screenshots for Login\screenshotLogin1Error01-03-2021 17_37_53.jpg (The system cannot find the path specified)" type="java.io.FileNotFoundException"><![CDATA[java.io.FileNotFoundException: C:\Users\z-Puri-Sumit\Documents\DOLTestCases\TESTPROJECT\src\main\java\DOL\qa\pages\Screenshots for Login\screenshotLogin1Error01-03-2021 17_37_53.jpg (The system cannot find the path specified)
	at java.io.FileOutputStream.open0(Native Method)
	at java.io.FileOutputStream.open(FileOutputStream.java:270)
	at java.io.FileOutputStream.<init>(FileOutputStream.java:213)
	at java.io.FileOutputStream.<init>(FileOutputStream.java:162)
	at org.openqa.selenium.io.FileHandler.copyFile(FileHandler.java:138)
	at org.openqa.selenium.io.FileHandler.copy(FileHandler.java:117)
	at DOLCreateEvent.qa.stepdefinitions.CreateEventStepsDuplicate.event_Manager_is_on_initial_page_of_Test_Environment_and_Logs_In_to_the_application_and_Navigates_to_the_Outreach_Module(CreateEventStepsDuplicate.java:110)
	at ✽.Then Event Manager is on initial page of Test Environment and Logs In to the application and Navigates to the Outreach Module.(D:/2021/DOLCMSTesting-master/src/main/java/DOLCreateEvents/qa/features/DOLCreateEvent.qa.features:6)
]]></error>
  </testcase>
  <testcase name="Then Event Manager clicks the Create New Event button." classname="| Testing for Sumit Puri1 | Testing for Sumit Puri8 | 12551 Grey Lane | Rockville | 20844 | 230-000-2240 | sp@yahoo.com | www.yahoo.com | Testing for Sumit Puri |" time="0">
    <skipped/>
  </testcase>
  <testcase name="Then Event Manager enters in Events Details Info by entering the Testing for Sumit Puri1 field and clicks the Save button." classname="| Testing for Sumit Puri1 | Testing for Sumit Puri8 | 12551 Grey Lane | Rockville | 20844 | 230-000-2240 | sp@yahoo.com | www.yahoo.com | Testing for Sumit Puri |" time="0">
    <skipped/>
  </testcase>
  <testcase name="Then Event Manager fills out the Location Name Field Testing for Sumit Puri8,Address Line Field 12551 Grey Lane of Type Details Section first part" classname="| Testing for Sumit Puri1 | Testing for Sumit Puri8 | 12551 Grey Lane | Rockville | 20844 | 230-000-2240 | sp@yahoo.com | www.yahoo.com | Testing for Sumit Puri |" time="0">
    <skipped/>
  </testcase>
  <testcase name="Then Event Manager fills out the Rockvillecity field,20844zip field of Type Details Section second part" classname="| Testing for Sumit Puri1 | Testing for Sumit Puri8 | 12551 Grey Lane | Rockville | 20844 | 230-000-2240 | sp@yahoo.com | www.yahoo.com | Testing for Sumit Puri |" time="0">
    <skipped/>
  </testcase>
  <testcase name="Then Event Manager fills out the 230-000-2240Primary Phone field, sp@yahoo.comEmail Field of the Type Details Section third part" classname="| Testing for Sumit Puri1 | Testing for Sumit Puri8 | 12551 Grey Lane | Rockville | 20844 | 230-000-2240 | sp@yahoo.com | www.yahoo.com | Testing for Sumit Puri |" time="0">
    <skipped/>
  </testcase>
  <testcase name="Then Event Manager fills out the www.yahoo.comWebsite Field,Testing for Sumit PuriSpecial Instructions field of the Type Details Section fourth part" classname="| Testing for Sumit Puri1 | Testing for Sumit Puri8 | 12551 Grey Lane | Rockville | 20844 | 230-000-2240 | sp@yahoo.com | www.yahoo.com | Testing for Sumit Puri |" time="0">
    <skipped/>
  </testcase>
  <testcase name="Then Event Manager Exits" classname="| Testing for Sumit Puri1 | Testing for Sumit Puri8 | 12551 Grey Lane | Rockville | 20844 | 230-000-2240 | sp@yahoo.com | www.yahoo.com | Testing for Sumit Puri |" time="0">
    <skipped/>
  </testcase>
  <testcase name="Given Event Manager opens browser." classname="| Testing for Sumit Puri1 | Testing for Sumit Puri9 | 12552 Grey Lane | Gaithersburg | 20844 | 230-000-2241 | sp@yahoo.com | www.hotmail.com | Testing for Sumit Puri |" time="0"/>
  <testcase name="Then Event Manager is on initial page of Test Environment and Logs In to the application and Navigates to the Outreach Module." classname="| Testing for Sumit Puri1 | Testing for Sumit Puri9 | 12552 Grey Lane | Gaithersburg | 20844 | 230-000-2241 | sp@yahoo.com | www.hotmail.com | Testing for Sumit Puri |" time="0">
    <error message="C:\Users\z-Puri-Sumit\Documents\DOLTestCases\TESTPROJECT\src\main\java\DOL\qa\pages\Screenshots for Login\screenshotLogin1Error01-03-2021 17_38_06.jpg (The system cannot find the path specified)" type="java.io.FileNotFoundException"><![CDATA[java.io.FileNotFoundException: C:\Users\z-Puri-Sumit\Documents\DOLTestCases\TESTPROJECT\src\main\java\DOL\qa\pages\Screenshots for Login\screenshotLogin1Error01-03-2021 17_38_06.jpg (The system cannot find the path specified)
	at java.io.FileOutputStream.open0(Native Method)
	at java.io.FileOutputStream.open(FileOutputStream.java:270)
	at java.io.FileOutputStream.<init>(FileOutputStream.java:213)
	at java.io.FileOutputStream.<init>(FileOutputStream.java:162)
	at org.openqa.selenium.io.FileHandler.copyFile(FileHandler.java:138)
	at org.openqa.selenium.io.FileHandler.copy(FileHandler.java:117)
	at DOLCreateEvent.qa.stepdefinitions.CreateEventStepsDuplicate.event_Manager_is_on_initial_page_of_Test_Environment_and_Logs_In_to_the_application_and_Navigates_to_the_Outreach_Module(CreateEventStepsDuplicate.java:110)
	at ✽.Then Event Manager is on initial page of Test Environment and Logs In to the application and Navigates to the Outreach Module.(D:/2021/DOLCMSTesting-master/src/main/java/DOLCreateEvents/qa/features/DOLCreateEvent.qa.features:6)
]]></error>
    <system-out><![CDATA[01-03-2021 17_38_06
]]></system-out>
  </testcase>
  <testcase name="| Testing for Sumit Puri1 | Testing for Sumit Puri9 | 12552 Grey Lane | Gaithersburg | 20844 | 230-000-2241 | sp@yahoo.com | www.hotmail.com | Testing for Sumit Puri |" classname="| Testing for Sumit Puri1 | Testing for Sumit Puri9 | 12552 Grey Lane | Gaithersburg | 20844 | 230-000-2241 | sp@yahoo.com | www.hotmail.com | Testing for Sumit Puri |" time="0.001">
    <error message="C:\Users\z-Puri-Sumit\Documents\DOLTestCases\TESTPROJECT\src\main\java\DOL\qa\pages\Screenshots for Login\screenshotLogin1Error01-03-2021 17_38_06.jpg (The system cannot find the path specified)" type="java.io.FileNotFoundException"><![CDATA[java.io.FileNotFoundException: C:\Users\z-Puri-Sumit\Documents\DOLTestCases\TESTPROJECT\src\main\java\DOL\qa\pages\Screenshots for Login\screenshotLogin1Error01-03-2021 17_38_06.jpg (The system cannot find the path specified)
	at java.io.FileOutputStream.open0(Native Method)
	at java.io.FileOutputStream.open(FileOutputStream.java:270)
	at java.io.FileOutputStream.<init>(FileOutputStream.java:213)
	at java.io.FileOutputStream.<init>(FileOutputStream.java:162)
	at org.openqa.selenium.io.FileHandler.copyFile(FileHandler.java:138)
	at org.openqa.selenium.io.FileHandler.copy(FileHandler.java:117)
	at DOLCreateEvent.qa.stepdefinitions.CreateEventStepsDuplicate.event_Manager_is_on_initial_page_of_Test_Environment_and_Logs_In_to_the_application_and_Navigates_to_the_Outreach_Module(CreateEventStepsDuplicate.java:110)
	at ✽.Then Event Manager is on initial page of Test Environment and Logs In to the application and Navigates to the Outreach Module.(D:/2021/DOLCMSTesting-master/src/main/java/DOLCreateEvents/qa/features/DOLCreateEvent.qa.features:6)
]]></error>
  </testcase>
  <testcase name="Then Event Manager clicks the Create New Event button." classname="| Testing for Sumit Puri1 | Testing for Sumit Puri9 | 12552 Grey Lane | Gaithersburg | 20844 | 230-000-2241 | sp@yahoo.com | www.hotmail.com | Testing for Sumit Puri |" time="0">
    <skipped/>
  </testcase>
  <testcase name="Then Event Manager enters in Events Details Info by entering the Testing for Sumit Puri1 field and clicks the Save button." classname="| Testing for Sumit Puri1 | Testing for Sumit Puri9 | 12552 Grey Lane | Gaithersburg | 20844 | 230-000-2241 | sp@yahoo.com | www.hotmail.com | Testing for Sumit Puri |" time="0">
    <skipped/>
  </testcase>
  <testcase name="Then Event Manager fills out the Location Name Field Testing for Sumit Puri9,Address Line Field 12552 Grey Lane of Type Details Section first part" classname="| Testing for Sumit Puri1 | Testing for Sumit Puri9 | 12552 Grey Lane | Gaithersburg | 20844 | 230-000-2241 | sp@yahoo.com | www.hotmail.com | Testing for Sumit Puri |" time="0">
    <skipped/>
  </testcase>
  <testcase name="Then Event Manager fills out the Gaithersburgcity field,20844zip field of Type Details Section second part" classname="| Testing for Sumit Puri1 | Testing for Sumit Puri9 | 12552 Grey Lane | Gaithersburg | 20844 | 230-000-2241 | sp@yahoo.com | www.hotmail.com | Testing for Sumit Puri |" time="0">
    <skipped/>
  </testcase>
  <testcase name="Then Event Manager fills out the 230-000-2241Primary Phone field, sp@yahoo.comEmail Field of the Type Details Section third part" classname="| Testing for Sumit Puri1 | Testing for Sumit Puri9 | 12552 Grey Lane | Gaithersburg | 20844 | 230-000-2241 | sp@yahoo.com | www.hotmail.com | Testing for Sumit Puri |" time="0">
    <skipped/>
  </testcase>
  <testcase name="Then Event Manager fills out the www.hotmail.comWebsite Field,Testing for Sumit PuriSpecial Instructions field of the Type Details Section fourth part" classname="| Testing for Sumit Puri1 | Testing for Sumit Puri9 | 12552 Grey Lane | Gaithersburg | 20844 | 230-000-2241 | sp@yahoo.com | www.hotmail.com | Testing for Sumit Puri |" time="0">
    <skipped/>
  </testcase>
  <testcase name="Then Event Manager Exits" classname="| Testing for Sumit Puri1 | Testing for Sumit Puri9 | 12552 Grey Lane | Gaithersburg | 20844 | 230-000-2241 | sp@yahoo.com | www.hotmail.com | Testing for Sumit Puri |" time="0">
    <skipped/>
  </testcase>
</testsuite>