<?xml version="1.0" encoding="UTF-8"?>
<testng-results skipped="0" failed="0" ignored="0" total="1" passed="1">
  <reporter-output>
  </reporter-output>
  <suite name="Default suite" duration-ms="57284" started-at="2020-12-22T15:50:30 EST" finished-at="2020-12-22T15:51:27 EST">
    <groups>
    </groups>
    <test name="Default test" duration-ms="57284" started-at="2020-12-22T15:50:30 EST" finished-at="2020-12-22T15:51:27 EST">
      <class name="DOL508testing.DOL508Test1">
        <test-method status="PASS" signature="beforeTest()[pri:0, instance:DOL508testing.DOL508Test1@2bbf4b8b]" name="beforeTest" is-config="true" duration-ms="16" started-at="2020-12-22T15:50:30 EST" finished-at="2020-12-22T15:50:30 EST">
          <reporter-output>
          </reporter-output>
        </test-method> <!-- beforeTest -->
        <test-method status="PASS" signature="Test()[pri:0, instance:DOL508testing.DOL508Test1@2bbf4b8b]" name="Test" duration-ms="57190" started-at="2020-12-22T15:50:30 EST" finished-at="2020-12-22T15:51:27 EST">
          <reporter-output>
          </reporter-output>
        </test-method> <!-- Test -->
        <test-method status="PASS" signature="afterTest()[pri:0, instance:DOL508testing.DOL508Test1@2bbf4b8b]" name="afterTest" is-config="true" duration-ms="0" started-at="2020-12-22T15:51:27 EST" finished-at="2020-12-22T15:51:27 EST">
          <reporter-output>
          </reporter-output>
        </test-method> <!-- afterTest -->
      </class> <!-- DOL508testing.DOL508Test1 -->
    </test> <!-- Default test -->
  </suite> <!-- Default suite -->
</testng-results>
